<?xml version="1.0" encoding="UTF-8"?>
<coverage generated="1783449464993" clover="3.2.0">
  <project timestamp="1783449464993" name="All files">
    <metrics statements="547" coveredstatements="469" conditionals="295" coveredconditionals="226" methods="196" coveredmethods="146" elements="1038" coveredelements="841" complexity="0" loc="547" ncloc="547" packages="3" files="23" classes="23"/>
    <package name="src">
      <metrics statements="2" coveredstatements="0" conditionals="0" coveredconditionals="0" methods="1" coveredmethods="0"/>
      <file name="App.jsx" path="/home/adele/holbertonschool-Portfolio/alimia/frontend/src/App.jsx">
        <metrics statements="1" coveredstatements="0" conditionals="0" coveredconditionals="0" methods="1" coveredmethods="0"/>
        <line num="18" count="0" type="stmt"/>
      </file>
      <file name="main.jsx" path="/home/adele/holbertonschool-Portfolio/alimia/frontend/src/main.jsx">
        <metrics statements="1" coveredstatements="0" conditionals="0" coveredconditionals="0" methods="0" coveredmethods="0"/>
        <line num="6" count="0" type="stmt"/>
      </file>
    </package>
    <package name="src.components">
      <metrics statements="37" coveredstatements="35" conditionals="20" coveredconditionals="18" methods="20" coveredmethods="18"/>
      <file name="FavoriteButton.jsx" path="/home/adele/holbertonschool-Portfolio/alimia/frontend/src/components/FavoriteButton.jsx">
        <metrics statements="8" coveredstatements="8" conditionals="6" coveredconditionals="6" methods="2" coveredmethods="2"/>
        <line num="4" count="7" type="stmt"/>
        <line num="5" count="7" type="stmt"/>
        <line num="8" count="2" type="stmt"/>
        <line num="9" count="2" type="stmt"/>
        <line num="14" count="2" type="cond" truecount="2" falsecount="0"/>
        <line num="15" count="1" type="stmt"/>
        <line num="17" count="1" type="stmt"/>
        <line num="21" count="7" type="stmt"/>
      </file>
      <file name="FoodCard.jsx" path="/home/adele/holbertonschool-Portfolio/alimia/frontend/src/components/FoodCard.jsx">
        <metrics statements="3" coveredstatements="3" conditionals="0" coveredconditionals="0" methods="2" coveredmethods="2"/>
        <line num="5" count="2" type="stmt"/>
        <line num="6" count="2" type="stmt"/>
        <line num="9" count="1" type="stmt"/>
      </file>
      <file name="IngredientList.jsx" path="/home/adele/holbertonschool-Portfolio/alimia/frontend/src/components/IngredientList.jsx">
        <metrics statements="2" coveredstatements="2" conditionals="0" coveredconditionals="0" methods="2" coveredmethods="2"/>
        <line num="2" count="4" type="stmt"/>
        <line num="5" count="5" type="stmt"/>
      </file>
      <file name="Navbar.jsx" path="/home/adele/holbertonschool-Portfolio/alimia/frontend/src/components/Navbar.jsx">
        <metrics statements="20" coveredstatements="18" conditionals="10" coveredconditionals="8" methods="10" coveredmethods="8"/>
        <line num="5" count="6" type="stmt"/>
        <line num="6" count="6" type="stmt"/>
        <line num="7" count="6" type="stmt"/>
        <line num="9" count="6" type="stmt"/>
        <line num="11" count="5" type="stmt"/>
        <line num="15" count="1" type="cond" truecount="1" falsecount="1"/>
        <line num="16" count="1" type="stmt"/>
        <line num="17" count="1" type="cond" truecount="1" falsecount="1"/>
        <line num="20" count="5" type="stmt"/>
        <line num="23" count="6" type="cond" truecount="2" falsecount="0"/>
        <line num="25" count="6" type="stmt"/>
        <line num="31" count="6" type="stmt"/>
        <line num="37" count="42" type="stmt"/>
        <line num="40" count="6" type="stmt"/>
        <line num="47" count="18" type="stmt"/>
        <line num="49" count="1" type="stmt"/>
        <line num="56" count="1" type="stmt"/>
        <line num="64" count="0" type="stmt"/>
        <line num="70" count="24" type="stmt"/>
        <line num="72" count="0" type="stmt"/>
      </file>
      <file name="NutritionBadge.jsx" path="/home/adele/holbertonschool-Portfolio/alimia/frontend/src/components/NutritionBadge.jsx">
        <metrics statements="1" coveredstatements="1" conditionals="2" coveredconditionals="2" methods="1" coveredmethods="1"/>
        <line num="2" count="27" type="stmt"/>
      </file>
      <file name="RecipeStep.jsx" path="/home/adele/holbertonschool-Portfolio/alimia/frontend/src/components/RecipeStep.jsx">
        <metrics statements="1" coveredstatements="1" conditionals="0" coveredconditionals="0" methods="1" coveredmethods="1"/>
        <line num="2" count="7" type="stmt"/>
      </file>
      <file name="SearchBar.jsx" path="/home/adele/holbertonschool-Portfolio/alimia/frontend/src/components/SearchBar.jsx">
        <metrics statements="1" coveredstatements="1" conditionals="2" coveredconditionals="2" methods="1" coveredmethods="1"/>
        <line num="2" count="19" type="stmt"/>
      </file>
      <file name="SuggestionTag.jsx" path="/home/adele/holbertonschool-Portfolio/alimia/frontend/src/components/SuggestionTag.jsx">
        <metrics statements="1" coveredstatements="1" conditionals="0" coveredconditionals="0" methods="1" coveredmethods="1"/>
        <line num="2" count="41" type="stmt"/>
      </file>
    </package>
    <package name="src.pages">
      <metrics statements="508" coveredstatements="434" conditionals="275" coveredconditionals="208" methods="175" coveredmethods="128"/>
      <file name="AskAssistant.jsx" path="/home/adele/holbertonschool-Portfolio/alimia/frontend/src/pages/AskAssistant.jsx">
        <metrics statements="20" coveredstatements="19" conditionals="10" coveredconditionals="10" methods="4" coveredmethods="3"/>
        <line num="5" count="14" type="stmt"/>
        <line num="6" count="14" type="stmt"/>
        <line num="7" count="14" type="stmt"/>
        <line num="8" count="14" type="stmt"/>
        <line num="9" count="14" type="stmt"/>
        <line num="12" count="4" type="cond" truecount="2" falsecount="0"/>
        <line num="13" count="1" type="stmt"/>
        <line num="14" count="1" type="stmt"/>
        <line num="16" count="3" type="stmt"/>
        <line num="17" count="3" type="stmt"/>
        <line num="18" count="3" type="stmt"/>
        <line num="19" count="3" type="stmt"/>
        <line num="25" count="3" type="stmt"/>
        <line num="26" count="3" type="cond" truecount="2" falsecount="0"/>
        <line num="27" count="2" type="stmt"/>
        <line num="29" count="1" type="stmt"/>
        <line num="31" count="3" type="stmt"/>
        <line num="34" count="14" type="stmt"/>
        <line num="36" count="0" type="stmt"/>
        <line num="44" count="3" type="stmt"/>
      </file>
      <file name="Dashboard.jsx" path="/home/adele/holbertonschool-Portfolio/alimia/frontend/src/pages/Dashboard.jsx">
        <metrics statements="39" coveredstatements="38" conditionals="18" coveredconditionals="17" methods="15" coveredmethods="14"/>
        <line num="5" count="7" type="stmt"/>
        <line num="6" count="7" type="stmt"/>
        <line num="7" count="7" type="stmt"/>
        <line num="8" count="7" type="stmt"/>
        <line num="10" count="7" type="stmt"/>
        <line num="11" count="7" type="stmt"/>
        <line num="12" count="7" type="stmt"/>
        <line num="14" count="7" type="stmt"/>
        <line num="16" count="4" type="stmt"/>
        <line num="17" count="4" type="stmt"/>
        <line num="18" count="4" type="stmt"/>
        <line num="23" count="3" type="cond" truecount="2" falsecount="0"/>
        <line num="24" count="2" type="stmt"/>
        <line num="25" count="2" type="stmt"/>
        <line num="27" count="1" type="stmt"/>
        <line num="29" count="3" type="stmt"/>
        <line num="31" count="4" type="stmt"/>
        <line num="34" count="7" type="stmt"/>
        <line num="35" count="7" type="cond" truecount="2" falsecount="0"/>
        <line num="36" count="2" type="stmt"/>
        <line num="37" count="2" type="stmt"/>
        <line num="38" count="2" type="stmt"/>
        <line num="39" count="2" type="stmt"/>
        <line num="40" count="2" type="stmt"/>
        <line num="41" count="2" type="stmt"/>
        <line num="45" count="7" type="cond" truecount="2" falsecount="0"/>
        <line num="46" count="7" type="cond" truecount="2" falsecount="0"/>
        <line num="48" count="7" type="stmt"/>
        <line num="55" count="1" type="stmt"/>
        <line num="74" count="1" type="stmt"/>
        <line num="79" count="1" type="stmt"/>
        <line num="91" count="2" type="stmt"/>
        <line num="92" count="2" type="stmt"/>
        <line num="95" count="0" type="stmt"/>
        <line num="108" count="1" type="stmt"/>
        <line num="120" count="1" type="stmt"/>
        <line num="128" count="1" type="stmt"/>
        <line num="135" count="1" type="stmt"/>
        <line num="139" count="1" type="stmt"/>
      </file>
      <file name="Favorites.jsx" path="/home/adele/holbertonschool-Portfolio/alimia/frontend/src/pages/Favorites.jsx">
        <metrics statements="17" coveredstatements="17" conditionals="6" coveredconditionals="6" methods="6" coveredmethods="6"/>
        <line num="4" count="9" type="stmt"/>
        <line num="5" count="9" type="stmt"/>
        <line num="6" count="9" type="stmt"/>
        <line num="8" count="9" type="stmt"/>
        <line num="10" count="3" type="stmt"/>
        <line num="11" count="3" type="stmt"/>
        <line num="12" count="3" type="stmt"/>
        <line num="17" count="3" type="stmt"/>
        <line num="18" count="3" type="cond" truecount="2" falsecount="0"/>
        <line num="19" count="2" type="stmt"/>
        <line num="21" count="1" type="stmt"/>
        <line num="23" count="3" type="stmt"/>
        <line num="25" count="3" type="stmt"/>
        <line num="28" count="9" type="stmt"/>
        <line num="34" count="1" type="stmt"/>
        <line num="38" count="1" type="stmt"/>
        <line num="43" count="2" type="stmt"/>
      </file>
      <file name="FoodDetail.jsx" path="/home/adele/holbertonschool-Portfolio/alimia/frontend/src/pages/FoodDetail.jsx">
        <metrics statements="13" coveredstatements="13" conditionals="6" coveredconditionals="6" methods="3" coveredmethods="3"/>
        <line num="7" count="5" type="stmt"/>
        <line num="8" count="5" type="stmt"/>
        <line num="9" count="5" type="stmt"/>
        <line num="11" count="5" type="stmt"/>
        <line num="13" count="3" type="stmt"/>
        <line num="18" count="2" type="stmt"/>
        <line num="19" count="2" type="cond" truecount="2" falsecount="0"/>
        <line num="20" count="1" type="stmt"/>
        <line num="22" count="1" type="stmt"/>
        <line num="25" count="3" type="stmt"/>
        <line num="28" count="5" type="cond" truecount="2" falsecount="0"/>
        <line num="29" count="4" type="cond" truecount="2" falsecount="0"/>
        <line num="31" count="1" type="stmt"/>
      </file>
      <file name="FoodSearch.jsx" path="/home/adele/holbertonschool-Portfolio/alimia/frontend/src/pages/FoodSearch.jsx">
        <metrics statements="21" coveredstatements="17" conditionals="8" coveredconditionals="8" methods="10" coveredmethods="6"/>
        <line num="10" count="16" type="stmt"/>
        <line num="11" count="16" type="stmt"/>
        <line num="12" count="16" type="stmt"/>
        <line num="14" count="16" type="stmt"/>
        <line num="15" count="8" type="cond" truecount="2" falsecount="0"/>
        <line num="16" count="5" type="stmt"/>
        <line num="17" count="5" type="stmt"/>
        <line num="20" count="3" type="stmt"/>
        <line num="25" count="3" type="stmt"/>
        <line num="26" count="3" type="cond" truecount="2" falsecount="0"/>
        <line num="27" count="2" type="stmt"/>
        <line num="29" count="1" type="stmt"/>
        <line num="32" count="3" type="stmt"/>
        <line num="36" count="16" type="stmt"/>
        <line num="41" count="3" type="stmt"/>
        <line num="42" count="0" type="stmt"/>
        <line num="47" count="1" type="stmt"/>
        <line num="48" count="0" type="stmt"/>
        <line num="49" count="0" type="stmt"/>
        <line num="50" count="0" type="stmt"/>
        <line num="58" count="3" type="stmt"/>
      </file>
      <file name="Login.jsx" path="/home/adele/holbertonschool-Portfolio/alimia/frontend/src/pages/Login.jsx">
        <metrics statements="13" coveredstatements="13" conditionals="6" coveredconditionals="5" methods="4" coveredmethods="4"/>
        <line num="5" count="7" type="stmt"/>
        <line num="7" count="7" type="stmt"/>
        <line num="8" count="7" type="stmt"/>
        <line num="9" count="7" type="stmt"/>
        <line num="12" count="2" type="stmt"/>
        <line num="18" count="2" type="stmt"/>
        <line num="19" count="2" type="cond" truecount="2" falsecount="0"/>
        <line num="20" count="1" type="stmt"/>
        <line num="22" count="1" type="cond" truecount="1" falsecount="1"/>
        <line num="23" count="1" type="stmt"/>
        <line num="26" count="7" type="stmt"/>
        <line num="33" count="2" type="stmt"/>
        <line num="39" count="2" type="stmt"/>
      </file>
      <file name="MenuGeneration.jsx" path="/home/adele/holbertonschool-Portfolio/alimia/frontend/src/pages/MenuGeneration.jsx">
        <metrics statements="68" coveredstatements="63" conditionals="30" coveredconditionals="27" methods="20" coveredmethods="16"/>
        <line num="7" count="30" type="stmt"/>
        <line num="8" count="30" type="stmt"/>
        <line num="9" count="30" type="stmt"/>
        <line num="10" count="30" type="stmt"/>
        <line num="11" count="30" type="stmt"/>
        <line num="12" count="30" type="stmt"/>
        <line num="13" count="30" type="stmt"/>
        <line num="14" count="30" type="stmt"/>
        <line num="15" count="30" type="stmt"/>
        <line num="16" count="30" type="stmt"/>
        <line num="19" count="6" type="cond" truecount="2" falsecount="0"/>
        <line num="20" count="1" type="stmt"/>
        <line num="21" count="1" type="stmt"/>
        <line num="23" count="5" type="stmt"/>
        <line num="24" count="5" type="stmt"/>
        <line num="25" count="5" type="stmt"/>
        <line num="35" count="5" type="stmt"/>
        <line num="36" count="5" type="cond" truecount="2" falsecount="0"/>
        <line num="37" count="4" type="stmt"/>
        <line num="38" count="4" type="stmt"/>
        <line num="39" count="4" type="stmt"/>
        <line num="41" count="1" type="stmt"/>
        <line num="43" count="5" type="stmt"/>
        <line num="47" count="1" type="stmt"/>
        <line num="48" count="1" type="stmt"/>
        <line num="49" count="1" type="stmt"/>
        <line num="59" count="1" type="stmt"/>
        <line num="60" count="1" type="cond" truecount="1" falsecount="1"/>
        <line num="61" count="1" type="stmt"/>
        <line num="62" count="1" type="stmt"/>
        <line num="63" count="1" type="stmt"/>
        <line num="65" count="0" type="stmt"/>
        <line num="67" count="1" type="stmt"/>
        <line num="71" count="2" type="stmt"/>
        <line num="72" count="2" type="stmt"/>
        <line num="73" count="2" type="stmt"/>
        <line num="79" count="2" type="stmt"/>
        <line num="80" count="2" type="cond" truecount="2" falsecount="0"/>
        <line num="81" count="1" type="stmt"/>
        <line num="83" count="1" type="stmt"/>
        <line num="85" count="2" type="stmt"/>
        <line num="89" count="1" type="cond" truecount="1" falsecount="1"/>
        <line num="92" count="30" type="stmt"/>
        <line num="93" count="30" type="cond" truecount="2" falsecount="0"/>
        <line num="94" count="12" type="stmt"/>
        <line num="95" count="12" type="stmt"/>
        <line num="96" count="12" type="stmt"/>
        <line num="97" count="12" type="stmt"/>
        <line num="98" count="12" type="stmt"/>
        <line num="99" count="12" type="stmt"/>
        <line num="103" count="30" type="stmt"/>
        <line num="106" count="5" type="stmt"/>
        <line num="111" count="0" type="stmt"/>
        <line num="113" count="0" type="stmt"/>
        <line num="123" count="12" type="stmt"/>
        <line num="125" count="0" type="stmt"/>
        <line num="134" count="12" type="stmt"/>
        <line num="136" count="12" type="stmt"/>
        <line num="137" count="12" type="stmt"/>
        <line num="139" count="1" type="stmt"/>
        <line num="147" count="2" type="stmt"/>
        <line num="161" count="12" type="stmt"/>
        <line num="166" count="12" type="stmt"/>
        <line num="168" count="12" type="stmt"/>
        <line num="169" count="12" type="stmt"/>
        <line num="171" count="0" type="stmt"/>
        <line num="179" count="2" type="stmt"/>
        <line num="193" count="1" type="stmt"/>
      </file>
      <file name="Profile.jsx" path="/home/adele/holbertonschool-Portfolio/alimia/frontend/src/pages/Profile.jsx">
        <metrics statements="144" coveredstatements="96" conditionals="93" coveredconditionals="49" methods="56" coveredmethods="30"/>
        <line num="3" count="1" type="stmt"/>
        <line num="4" count="1" type="stmt"/>
        <line num="5" count="1" type="stmt"/>
        <line num="8" count="37" type="stmt"/>
        <line num="9" count="37" type="stmt"/>
        <line num="10" count="37" type="stmt"/>
        <line num="11" count="37" type="stmt"/>
        <line num="12" count="37" type="stmt"/>
        <line num="13" count="37" type="stmt"/>
        <line num="14" count="37" type="stmt"/>
        <line num="15" count="37" type="stmt"/>
        <line num="16" count="37" type="stmt"/>
        <line num="17" count="37" type="stmt"/>
        <line num="18" count="37" type="stmt"/>
        <line num="19" count="37" type="stmt"/>
        <line num="20" count="37" type="stmt"/>
        <line num="22" count="37" type="stmt"/>
        <line num="24" count="10" type="stmt"/>
        <line num="28" count="10" type="stmt"/>
        <line num="29" count="10" type="cond" truecount="1" falsecount="1"/>
        <line num="30" count="10" type="cond" truecount="3" falsecount="1"/>
        <line num="31" count="0" type="stmt"/>
        <line num="33" count="10" type="cond" truecount="3" falsecount="1"/>
        <line num="34" count="0" type="stmt"/>
        <line num="36" count="10" type="cond" truecount="3" falsecount="1"/>
        <line num="37" count="0" type="stmt"/>
        <line num="39" count="10" type="stmt"/>
        <line num="41" count="0" type="stmt"/>
        <line num="44" count="10" type="stmt"/>
        <line num="48" count="10" type="stmt"/>
        <line num="49" count="10" type="cond" truecount="1" falsecount="1"/>
        <line num="50" count="10" type="stmt"/>
        <line num="52" count="0" type="stmt"/>
        <line num="55" count="10" type="stmt"/>
        <line num="59" count="10" type="stmt"/>
        <line num="60" count="10" type="cond" truecount="1" falsecount="1"/>
        <line num="61" count="10" type="stmt"/>
        <line num="64" count="10" type="stmt"/>
        <line num="68" count="10" type="stmt"/>
        <line num="69" count="10" type="cond" truecount="1" falsecount="1"/>
        <line num="70" count="10" type="stmt"/>
        <line num="73" count="10" type="stmt"/>
        <line num="77" count="21" type="stmt"/>
        <line num="78" count="21" type="stmt"/>
        <line num="79" count="21" type="stmt"/>
        <line num="80" count="21" type="stmt"/>
        <line num="81" count="21" type="cond" truecount="3" falsecount="2"/>
        <line num="82" count="0" type="stmt"/>
        <line num="84" count="21" type="stmt"/>
        <line num="88" count="1" type="stmt"/>
        <line num="94" count="1" type="stmt"/>
        <line num="95" count="1" type="stmt"/>
        <line num="101" count="1" type="cond" truecount="1" falsecount="1"/>
        <line num="102" count="1" type="stmt"/>
        <line num="103" count="1" type="stmt"/>
        <line num="107" count="1" type="stmt"/>
        <line num="108" count="1" type="stmt"/>
        <line num="110" count="0" type="stmt"/>
        <line num="115" count="1" type="stmt"/>
        <line num="121" count="1" type="cond" truecount="1" falsecount="1"/>
        <line num="122" count="1" type="stmt"/>
        <line num="123" count="1" type="stmt"/>
        <line num="124" count="1" type="stmt"/>
        <line num="129" count="1" type="stmt"/>
        <line num="133" count="1" type="cond" truecount="1" falsecount="1"/>
        <line num="134" count="1" type="stmt"/>
        <line num="138" count="1" type="stmt"/>
        <line num="142" count="1" type="cond" truecount="1" falsecount="1"/>
        <line num="143" count="1" type="stmt"/>
        <line num="144" count="1" type="stmt"/>
        <line num="149" count="0" type="stmt"/>
        <line num="153" count="0" type="cond" truecount="0" falsecount="2"/>
        <line num="154" count="0" type="stmt"/>
        <line num="155" count="0" type="stmt"/>
        <line num="160" count="1" type="stmt"/>
        <line num="166" count="1" type="cond" truecount="1" falsecount="1"/>
        <line num="167" count="1" type="stmt"/>
        <line num="172" count="0" type="stmt"/>
        <line num="178" count="0" type="cond" truecount="0" falsecount="2"/>
        <line num="179" count="0" type="stmt"/>
        <line num="184" count="0" type="stmt"/>
        <line num="188" count="0" type="cond" truecount="0" falsecount="2"/>
        <line num="189" count="0" type="stmt"/>
        <line num="194" count="0" type="stmt"/>
        <line num="198" count="0" type="cond" truecount="0" falsecount="2"/>
        <line num="199" count="0" type="stmt"/>
        <line num="204" count="2" type="stmt"/>
        <line num="210" count="2" type="cond" truecount="2" falsecount="0"/>
        <line num="211" count="1" type="stmt"/>
        <line num="212" count="1" type="stmt"/>
        <line num="214" count="1" type="stmt"/>
        <line num="218" count="37" type="stmt"/>
        <line num="230" count="1" type="stmt"/>
        <line num="235" count="0" type="stmt"/>
        <line num="243" count="0" type="stmt"/>
        <line num="247" count="0" type="stmt"/>
        <line num="255" count="40" type="stmt"/>
        <line num="260" count="0" type="cond" truecount="0" falsecount="2"/>
        <line num="261" count="0" type="cond" truecount="0" falsecount="2"/>
        <line num="262" count="0" type="stmt"/>
        <line num="264" count="0" type="stmt"/>
        <line num="277" count="40" type="stmt"/>
        <line num="282" count="0" type="cond" truecount="0" falsecount="2"/>
        <line num="283" count="0" type="cond" truecount="0" falsecount="2"/>
        <line num="284" count="0" type="stmt"/>
        <line num="286" count="0" type="stmt"/>
        <line num="296" count="40" type="stmt"/>
        <line num="301" count="0" type="cond" truecount="0" falsecount="2"/>
        <line num="302" count="0" type="cond" truecount="0" falsecount="2"/>
        <line num="303" count="0" type="stmt"/>
        <line num="305" count="0" type="stmt"/>
        <line num="318" count="1" type="stmt"/>
        <line num="322" count="1" type="stmt"/>
        <line num="323" count="1" type="stmt"/>
        <line num="330" count="0" type="stmt"/>
        <line num="332" count="0" type="stmt"/>
        <line num="342" count="0" type="stmt"/>
        <line num="346" count="0" type="stmt"/>
        <line num="347" count="0" type="stmt"/>
        <line num="354" count="0" type="stmt"/>
        <line num="356" count="0" type="stmt"/>
        <line num="364" count="1" type="stmt"/>
        <line num="368" count="0" type="stmt"/>
        <line num="369" count="0" type="stmt"/>
        <line num="370" count="0" type="stmt"/>
        <line num="373" count="1" type="stmt"/>
        <line num="380" count="1" type="stmt"/>
        <line num="384" count="0" type="stmt"/>
        <line num="393" count="0" type="stmt"/>
        <line num="401" count="4" type="stmt"/>
        <line num="420" count="1" type="stmt"/>
        <line num="425" count="1" type="stmt"/>
        <line num="431" count="2" type="stmt"/>
        <line num="442" count="2" type="stmt"/>
        <line num="448" count="2" type="stmt"/>
        <line num="451" count="0" type="stmt"/>
        <line num="454" count="2" type="stmt"/>
        <line num="457" count="1" type="stmt"/>
        <line num="461" count="1" type="cond" truecount="1" falsecount="1"/>
        <line num="462" count="1" type="stmt"/>
        <line num="468" count="2" type="cond" truecount="2" falsecount="0"/>
        <line num="469" count="1" type="stmt"/>
        <line num="473" count="1" type="cond" truecount="1" falsecount="1"/>
        <line num="474" count="1" type="stmt"/>
      </file>
      <file name="ProtectedRoute.jsx" path="/home/adele/holbertonschool-Portfolio/alimia/frontend/src/pages/ProtectedRoute.jsx">
        <metrics statements="19" coveredstatements="19" conditionals="10" coveredconditionals="9" methods="5" coveredmethods="5"/>
        <line num="18" count="5" type="stmt"/>
        <line num="19" count="5" type="stmt"/>
        <line num="20" count="5" type="stmt"/>
        <line num="23" count="5" type="stmt"/>
        <line num="24" count="3" type="stmt"/>
        <line num="27" count="3" type="stmt"/>
        <line num="28" count="3" type="cond" truecount="2" falsecount="0"/>
        <line num="29" count="2" type="stmt"/>
        <line num="33" count="2" type="cond" truecount="1" falsecount="1"/>
        <line num="34" count="2" type="cond" truecount="2" falsecount="0"/>
        <line num="35" count="1" type="stmt"/>
        <line num="38" count="1" type="stmt"/>
        <line num="40" count="2" type="stmt"/>
        <line num="42" count="3" type="stmt"/>
        <line num="44" count="3" type="stmt"/>
        <line num="45" count="3" type="stmt"/>
        <line num="49" count="5" type="cond" truecount="2" falsecount="0"/>
        <line num="50" count="2" type="cond" truecount="2" falsecount="0"/>
        <line num="51" count="1" type="stmt"/>
      </file>
      <file name="RecipeGeneration.jsx" path="/home/adele/holbertonschool-Portfolio/alimia/frontend/src/pages/RecipeGeneration.jsx">
        <metrics statements="17" coveredstatements="17" conditionals="10" coveredconditionals="10" methods="6" coveredmethods="6"/>
        <line num="6" count="13" type="stmt"/>
        <line num="7" count="13" type="stmt"/>
        <line num="8" count="13" type="stmt"/>
        <line num="9" count="13" type="stmt"/>
        <line num="12" count="4" type="stmt"/>
        <line num="13" count="4" type="stmt"/>
        <line num="14" count="4" type="stmt"/>
        <line num="18" count="2" type="cond" truecount="2" falsecount="0"/>
        <line num="20" count="4" type="stmt"/>
        <line num="21" count="4" type="cond" truecount="2" falsecount="0"/>
        <line num="22" count="3" type="stmt"/>
        <line num="24" count="1" type="stmt"/>
        <line num="26" count="4" type="stmt"/>
        <line num="29" count="13" type="stmt"/>
        <line num="37" count="1" type="stmt"/>
        <line num="46" count="1" type="stmt"/>
        <line num="49" count="2" type="stmt"/>
      </file>
      <file name="Register.jsx" path="/home/adele/holbertonschool-Portfolio/alimia/frontend/src/pages/Register.jsx">
        <metrics statements="17" coveredstatements="17" conditionals="8" coveredconditionals="7" methods="5" coveredmethods="5"/>
        <line num="5" count="14" type="stmt"/>
        <line num="7" count="14" type="stmt"/>
        <line num="8" count="14" type="stmt"/>
        <line num="9" count="14" type="stmt"/>
        <line num="10" count="14" type="stmt"/>
        <line num="13" count="3" type="stmt"/>
        <line num="19" count="3" type="stmt"/>
        <line num="20" count="3" type="cond" truecount="2" falsecount="0"/>
        <line num="21" count="2" type="cond" truecount="2" falsecount="0"/>
        <line num="22" count="1" type="stmt"/>
        <line num="24" count="1" type="stmt"/>
        <line num="27" count="1" type="cond" truecount="1" falsecount="1"/>
        <line num="28" count="1" type="stmt"/>
        <line num="32" count="14" type="stmt"/>
        <line num="38" count="3" type="stmt"/>
        <line num="44" count="3" type="stmt"/>
        <line num="50" count="3" type="stmt"/>
      </file>
      <file name="ShoppingList.jsx" path="/home/adele/holbertonschool-Portfolio/alimia/frontend/src/pages/ShoppingList.jsx">
        <metrics statements="33" coveredstatements="33" conditionals="22" coveredconditionals="20" methods="9" coveredmethods="9"/>
        <line num="5" count="31" type="stmt"/>
        <line num="6" count="31" type="stmt"/>
        <line num="7" count="31" type="stmt"/>
        <line num="8" count="31" type="stmt"/>
        <line num="9" count="31" type="stmt"/>
        <line num="11" count="31" type="stmt"/>
        <line num="13" count="8" type="stmt"/>
        <line num="14" count="8" type="stmt"/>
        <line num="15" count="8" type="stmt"/>
        <line num="20" count="8" type="cond" truecount="2" falsecount="0"/>
        <line num="21" count="4" type="stmt"/>
        <line num="22" count="4" type="stmt"/>
        <line num="23" count="4" type="cond" truecount="2" falsecount="0"/>
        <line num="24" count="3" type="stmt"/>
        <line num="26" count="1" type="stmt"/>
        <line num="28" count="8" type="stmt"/>
        <line num="30" count="8" type="stmt"/>
        <line num="34" count="3" type="stmt"/>
        <line num="35" count="3" type="stmt"/>
        <line num="36" count="3" type="stmt"/>
        <line num="41" count="3" type="stmt"/>
        <line num="42" count="3" type="cond" truecount="2" falsecount="0"/>
        <line num="43" count="2" type="stmt"/>
        <line num="45" count="1" type="stmt"/>
        <line num="47" count="3" type="stmt"/>
        <line num="51" count="1" type="stmt"/>
        <line num="57" count="1" type="cond" truecount="1" falsecount="1"/>
        <line num="58" count="1" type="stmt"/>
        <line num="59" count="1" type="cond" truecount="1" falsecount="1"/>
        <line num="63" count="31" type="stmt"/>
        <line num="79" count="8" type="cond" truecount="2" falsecount="0"/>
        <line num="83" count="1" type="stmt"/>
        <line num="89" count="1" type="stmt"/>
      </file>
      <file name="WeeklyMenu.jsx" path="/home/adele/holbertonschool-Portfolio/alimia/frontend/src/pages/WeeklyMenu.jsx">
        <metrics statements="87" coveredstatements="72" conditionals="48" coveredconditionals="34" methods="32" coveredmethods="21"/>
        <line num="7" count="30" type="stmt"/>
        <line num="8" count="30" type="stmt"/>
        <line num="9" count="30" type="stmt"/>
        <line num="10" count="30" type="stmt"/>
        <line num="11" count="30" type="stmt"/>
        <line num="14" count="30" type="stmt"/>
        <line num="15" count="30" type="stmt"/>
        <line num="16" count="30" type="stmt"/>
        <line num="17" count="30" type="stmt"/>
        <line num="18" count="30" type="stmt"/>
        <line num="20" count="30" type="stmt"/>
        <line num="22" count="7" type="stmt"/>
        <line num="23" count="7" type="stmt"/>
        <line num="24" count="7" type="cond" truecount="1" falsecount="1"/>
        <line num="25" count="7" type="stmt"/>
        <line num="30" count="6" type="stmt"/>
        <line num="31" count="6" type="cond" truecount="2" falsecount="0"/>
        <line num="32" count="5" type="stmt"/>
        <line num="34" count="1" type="stmt"/>
        <line num="36" count="6" type="stmt"/>
        <line num="38" count="7" type="stmt"/>
        <line num="41" count="30" type="stmt"/>
        <line num="42" count="30" type="cond" truecount="2" falsecount="0"/>
        <line num="43" count="15" type="stmt"/>
        <line num="44" count="15" type="stmt"/>
        <line num="45" count="15" type="stmt"/>
        <line num="46" count="15" type="stmt"/>
        <line num="47" count="15" type="stmt"/>
        <line num="48" count="15" type="stmt"/>
        <line num="52" count="30" type="stmt"/>
        <line num="53" count="30" type="cond" truecount="2" falsecount="0"/>
        <line num="54" count="4" type="stmt"/>
        <line num="55" count="4" type="stmt"/>
        <line num="56" count="4" type="stmt"/>
        <line num="57" count="4" type="stmt"/>
        <line num="58" count="4" type="stmt"/>
        <line num="59" count="4" type="stmt"/>
        <line num="64" count="1" type="cond" truecount="1" falsecount="1"/>
        <line num="68" count="3" type="stmt"/>
        <line num="69" count="3" type="stmt"/>
        <line num="70" count="3" type="stmt"/>
        <line num="80" count="3" type="stmt"/>
        <line num="81" count="3" type="cond" truecount="1" falsecount="1"/>
        <line num="82" count="3" type="stmt"/>
        <line num="83" count="3" type="stmt"/>
        <line num="85" count="0" type="stmt"/>
        <line num="87" count="3" type="stmt"/>
        <line num="91" count="1" type="stmt"/>
        <line num="92" count="1" type="stmt"/>
        <line num="101" count="1" type="stmt"/>
        <line num="102" count="1" type="cond" truecount="1" falsecount="1"/>
        <line num="103" count="1" type="stmt"/>
        <line num="104" count="1" type="stmt"/>
        <line num="105" count="1" type="stmt"/>
        <line num="107" count="0" type="stmt"/>
        <line num="109" count="1" type="stmt"/>
        <line num="112" count="30" type="stmt"/>
        <line num="122" count="4" type="stmt"/>
        <line num="124" count="0" type="stmt"/>
        <line num="133" count="4" type="stmt"/>
        <line num="135" count="0" type="stmt"/>
        <line num="136" count="0" type="stmt"/>
        <line num="138" count="0" type="stmt"/>
        <line num="146" count="0" type="stmt"/>
        <line num="160" count="4" type="stmt"/>
        <line num="165" count="4" type="stmt"/>
        <line num="167" count="4" type="stmt"/>
        <line num="168" count="4" type="stmt"/>
        <line num="170" count="0" type="stmt"/>
        <line num="178" count="0" type="stmt"/>
        <line num="192" count="1" type="stmt"/>
        <line num="198" count="1" type="cond" truecount="2" falsecount="0"/>
        <line num="205" count="11" type="stmt"/>
        <line num="207" count="0" type="stmt"/>
        <line num="216" count="11" type="stmt"/>
        <line num="218" count="0" type="stmt"/>
        <line num="219" count="0" type="stmt"/>
        <line num="221" count="0" type="stmt"/>
        <line num="229" count="0" type="stmt"/>
        <line num="243" count="11" type="stmt"/>
        <line num="248" count="11" type="stmt"/>
        <line num="250" count="11" type="stmt"/>
        <line num="251" count="11" type="stmt"/>
        <line num="253" count="1" type="stmt"/>
        <line num="261" count="2" type="stmt"/>
        <line num="277" count="0" type="stmt"/>
        <line num="280" count="1" type="stmt"/>
      </file>
    </package>
  </project>
</coverage>
