{"/home/adele/holbertonschool-Portfolio/alimia/frontend/src/App.jsx": {"path":"/home/adele/holbertonschool-Portfolio/alimia/frontend/src/App.jsx","statementMap":{"0":{"start":{"line":18,"column":2},"end":{"line":80,"column":3}}},"fnMap":{"0":{"name":"App","decl":{"start":{"line":17,"column":9},"end":{"line":17,"column":12}},"loc":{"start":{"line":17,"column":15},"end":{"line":81,"column":1}},"line":17}},"branchMap":{},"s":{"0":0},"f":{"0":0},"b":{}}
,"/home/adele/holbertonschool-Portfolio/alimia/frontend/src/main.jsx": {"path":"/home/adele/holbertonschool-Portfolio/alimia/frontend/src/main.jsx","statementMap":{"0":{"start":{"line":6,"column":0},"end":{"line":8,"column":1}}},"fnMap":{},"branchMap":{},"s":{"0":0},"f":{},"b":{}}
,"/home/adele/holbertonschool-Portfolio/alimia/frontend/src/components/FavoriteButton.jsx": {"path":"/home/adele/holbertonschool-Portfolio/alimia/frontend/src/components/FavoriteButton.jsx","statementMap":{"0":{"start":{"line":4,"column":40},"end":{"line":4,"column":55}},"1":{"start":{"line":5,"column":30},"end":{"line":5,"column":42}},"2":{"start":{"line":8,"column":8},"end":{"line":8,"column":20}},"3":{"start":{"line":9,"column":25},"end":{"line":13,"column":10}},"4":{"start":{"line":14,"column":8},"end":{"line":18,"column":9}},"5":{"start":{"line":15,"column":12},"end":{"line":15,"column":31}},"6":{"start":{"line":17,"column":12},"end":{"line":17,"column":65}},"7":{"start":{"line":21,"column":4},"end":{"line":28,"column":5}}},"fnMap":{"0":{"name":"FavoriteButton","decl":{"start":{"line":3,"column":9},"end":{"line":3,"column":23}},"loc":{"start":{"line":3,"column":39},"end":{"line":29,"column":1}},"line":3},"1":{"name":"add_to_favorites","decl":{"start":{"line":7,"column":19},"end":{"line":7,"column":35}},"loc":{"start":{"line":7,"column":37},"end":{"line":19,"column":5}},"line":7}},"branchMap":{"0":{"loc":{"start":{"line":14,"column":8},"end":{"line":18,"column":9}},"type":"if","locations":[{"start":{"line":14,"column":8},"end":{"line":18,"column":9}},{"start":{"line":16,"column":15},"end":{"line":18,"column":9}}],"line":14},"1":{"loc":{"start":{"line":24,"column":17},"end":{"line":24,"column":41}},"type":"cond-expr","locations":[{"start":{"line":24,"column":30},"end":{"line":24,"column":34}},{"start":{"line":24,"column":37},"end":{"line":24,"column":41}}],"line":24},"2":{"loc":{"start":{"line":26,"column":13},"end":{"line":26,"column":36}},"type":"binary-expr","locations":[{"start":{"line":26,"column":13},"end":{"line":26,"column":18}},{"start":{"line":26,"column":22},"end":{"line":26,"column":36}}],"line":26}},"s":{"0":7,"1":7,"2":2,"3":2,"4":2,"5":1,"6":1,"7":7},"f":{"0":7,"1":2},"b":{"0":[1,1],"1":[2,5],"2":[7,2]},"_coverageSchema":"1a1c01bbd47fc00a2c39e90264f33305004495a9","hash":"73bfb4d7594b27de3180e4b55fbe45ad5ae5c60c"}
,"/home/adele/holbertonschool-Portfolio/alimia/frontend/src/components/FoodCard.jsx": {"path":"/home/adele/holbertonschool-Portfolio/alimia/frontend/src/components/FoodCard.jsx","statementMap":{"0":{"start":{"line":5,"column":21},"end":{"line":5,"column":34}},"1":{"start":{"line":6,"column":4},"end":{"line":19,"column":5}},"2":{"start":{"line":9,"column":27},"end":{"line":9,"column":55}}},"fnMap":{"0":{"name":"FoodCard","decl":{"start":{"line":4,"column":9},"end":{"line":4,"column":17}},"loc":{"start":{"line":4,"column":70},"end":{"line":20,"column":1}},"line":4},"1":{"name":"(anonymous_1)","decl":{"start":{"line":9,"column":21},"end":{"line":9,"column":22}},"loc":{"start":{"line":9,"column":27},"end":{"line":9,"column":55}},"line":9}},"branchMap":{},"s":{"0":2,"1":2,"2":1},"f":{"0":2,"1":1},"b":{},"_coverageSchema":"1a1c01bbd47fc00a2c39e90264f33305004495a9","hash":"d09d6dbb3d8c839b5f69af0f0af0c9fc1e6fe38b"}
,"/home/adele/holbertonschool-Portfolio/alimia/frontend/src/components/IngredientList.jsx": {"path":"/home/adele/holbertonschool-Portfolio/alimia/frontend/src/components/IngredientList.jsx","statementMap":{"0":{"start":{"line":2,"column":4},"end":{"line":8,"column":5}},"1":{"start":{"line":5,"column":16},"end":{"line":5,"column":107}}},"fnMap":{"0":{"name":"IngredientList","decl":{"start":{"line":1,"column":9},"end":{"line":1,"column":23}},"loc":{"start":{"line":1,"column":41},"end":{"line":9,"column":1}},"line":1},"1":{"name":"(anonymous_1)","decl":{"start":{"line":4,"column":29},"end":{"line":4,"column":30}},"loc":{"start":{"line":5,"column":16},"end":{"line":5,"column":107}},"line":5}},"branchMap":{},"s":{"0":4,"1":5},"f":{"0":4,"1":5},"b":{},"_coverageSchema":"1a1c01bbd47fc00a2c39e90264f33305004495a9","hash":"886ac160574dca8f92175a79a06061c70fe627cd"}
,"/home/adele/holbertonschool-Portfolio/alimia/frontend/src/components/Navbar.jsx": {"path":"/home/adele/holbertonschool-Portfolio/alimia/frontend/src/components/Navbar.jsx","statementMap":{"0":{"start":{"line":5,"column":21},"end":{"line":5,"column":34}},"1":{"start":{"line":6,"column":21},"end":{"line":6,"column":34}},"2":{"start":{"line":7,"column":38},"end":{"line":7,"column":50}},"3":{"start":{"line":9,"column":4},"end":{"line":21,"column":10}},"4":{"start":{"line":11,"column":29},"end":{"line":14,"column":14}},"5":{"start":{"line":15,"column":12},"end":{"line":18,"column":13}},"6":{"start":{"line":16,"column":29},"end":{"line":16,"column":50}},"7":{"start":{"line":17,"column":16},"end":{"line":17,"column":51}},"8":{"start":{"line":20,"column":8},"end":{"line":20,"column":22}},"9":{"start":{"line":23,"column":20},"end":{"line":23,"column":71}},"10":{"start":{"line":25,"column":18},"end":{"line":29,"column":5}},"11":{"start":{"line":31,"column":24},"end":{"line":34,"column":5}},"12":{"start":{"line":37,"column":8},"end":{"line":37,"column":41}},"13":{"start":{"line":40,"column":4},"end":{"line":80,"column":5}},"14":{"start":{"line":47,"column":24},"end":{"line":53,"column":33}},"15":{"start":{"line":49,"column":43},"end":{"line":49,"column":62}},"16":{"start":{"line":56,"column":39},"end":{"line":56,"column":59}},"17":{"start":{"line":64,"column":39},"end":{"line":64,"column":59}},"18":{"start":{"line":70,"column":20},"end":{"line":76,"column":29}},"19":{"start":{"line":72,"column":39},"end":{"line":72,"column":58}}},"fnMap":{"0":{"name":"Navbar","decl":{"start":{"line":4,"column":9},"end":{"line":4,"column":15}},"loc":{"start":{"line":4,"column":18},"end":{"line":81,"column":1}},"line":4},"1":{"name":"(anonymous_1)","decl":{"start":{"line":9,"column":14},"end":{"line":9,"column":15}},"loc":{"start":{"line":9,"column":20},"end":{"line":21,"column":5}},"line":9},"2":{"name":"fetchProfile","decl":{"start":{"line":10,"column":23},"end":{"line":10,"column":35}},"loc":{"start":{"line":10,"column":37},"end":{"line":19,"column":9}},"line":10},"3":{"name":"isActive","decl":{"start":{"line":36,"column":13},"end":{"line":36,"column":21}},"loc":{"start":{"line":36,"column":27},"end":{"line":38,"column":5}},"line":36},"4":{"name":"(anonymous_4)","decl":{"start":{"line":46,"column":31},"end":{"line":46,"column":32}},"loc":{"start":{"line":47,"column":24},"end":{"line":53,"column":33}},"line":47},"5":{"name":"(anonymous_5)","decl":{"start":{"line":49,"column":37},"end":{"line":49,"column":38}},"loc":{"start":{"line":49,"column":43},"end":{"line":49,"column":62}},"line":49},"6":{"name":"(anonymous_6)","decl":{"start":{"line":56,"column":33},"end":{"line":56,"column":34}},"loc":{"start":{"line":56,"column":39},"end":{"line":56,"column":59}},"line":56},"7":{"name":"(anonymous_7)","decl":{"start":{"line":64,"column":33},"end":{"line":64,"column":34}},"loc":{"start":{"line":64,"column":39},"end":{"line":64,"column":59}},"line":64},"8":{"name":"(anonymous_8)","decl":{"start":{"line":69,"column":33},"end":{"line":69,"column":34}},"loc":{"start":{"line":70,"column":20},"end":{"line":76,"column":29}},"line":70},"9":{"name":"(anonymous_9)","decl":{"start":{"line":72,"column":33},"end":{"line":72,"column":34}},"loc":{"start":{"line":72,"column":39},"end":{"line":72,"column":58}},"line":72}},"branchMap":{"0":{"loc":{"start":{"line":15,"column":12},"end":{"line":18,"column":13}},"type":"if","locations":[{"start":{"line":15,"column":12},"end":{"line":18,"column":13}},{"start":{},"end":{}}],"line":15},"1":{"loc":{"start":{"line":17,"column":29},"end":{"line":17,"column":50}},"type":"binary-expr","locations":[{"start":{"line":17,"column":29},"end":{"line":17,"column":44}},{"start":{"line":17,"column":48},"end":{"line":17,"column":50}}],"line":17},"2":{"loc":{"start":{"line":23,"column":20},"end":{"line":23,"column":71}},"type":"cond-expr","locations":[{"start":{"line":23,"column":32},"end":{"line":23,"column":65}},{"start":{"line":23,"column":68},"end":{"line":23,"column":71}}],"line":23},"3":{"loc":{"start":{"line":50,"column":39},"end":{"line":50,"column":92}},"type":"cond-expr","locations":[{"start":{"line":50,"column":61},"end":{"line":50,"column":74}},{"start":{"line":50,"column":77},"end":{"line":50,"column":92}}],"line":50},"4":{"loc":{"start":{"line":73,"column":35},"end":{"line":73,"column":88}},"type":"cond-expr","locations":[{"start":{"line":73,"column":57},"end":{"line":73,"column":70}},{"start":{"line":73,"column":73},"end":{"line":73,"column":88}}],"line":73}},"s":{"0":6,"1":6,"2":6,"3":6,"4":5,"5":1,"6":1,"7":1,"8":5,"9":6,"10":6,"11":6,"12":42,"13":6,"14":18,"15":1,"16":1,"17":0,"18":24,"19":0},"f":{"0":6,"1":5,"2":5,"3":42,"4":18,"5":1,"6":1,"7":0,"8":24,"9":0},"b":{"0":[1,0],"1":[1,0],"2":[1,5],"3":[6,12],"4":[6,18]},"_coverageSchema":"1a1c01bbd47fc00a2c39e90264f33305004495a9","hash":"6c0579662f95f068133bf09387f249dec9a59ff5"}
,"/home/adele/holbertonschool-Portfolio/alimia/frontend/src/components/NutritionBadge.jsx": {"path":"/home/adele/holbertonschool-Portfolio/alimia/frontend/src/components/NutritionBadge.jsx","statementMap":{"0":{"start":{"line":2,"column":4},"end":{"line":7,"column":5}}},"fnMap":{"0":{"name":"NutritionBadge","decl":{"start":{"line":1,"column":9},"end":{"line":1,"column":23}},"loc":{"start":{"line":1,"column":48},"end":{"line":8,"column":1}},"line":1}},"branchMap":{"0":{"loc":{"start":{"line":5,"column":48},"end":{"line":5,"column":58}},"type":"binary-expr","locations":[{"start":{"line":5,"column":48},"end":{"line":5,"column":53}},{"start":{"line":5,"column":57},"end":{"line":5,"column":58}}],"line":5}},"s":{"0":27},"f":{"0":27},"b":{"0":[27,1]},"_coverageSchema":"1a1c01bbd47fc00a2c39e90264f33305004495a9","hash":"6651ba0021bb79bedfdb4e87346b622004516656"}
,"/home/adele/holbertonschool-Portfolio/alimia/frontend/src/components/RecipeStep.jsx": {"path":"/home/adele/holbertonschool-Portfolio/alimia/frontend/src/components/RecipeStep.jsx","statementMap":{"0":{"start":{"line":2,"column":4},"end":{"line":4,"column":5}}},"fnMap":{"0":{"name":"RecipeStep","decl":{"start":{"line":1,"column":9},"end":{"line":1,"column":19}},"loc":{"start":{"line":1,"column":38},"end":{"line":5,"column":1}},"line":1}},"branchMap":{},"s":{"0":7},"f":{"0":7},"b":{},"_coverageSchema":"1a1c01bbd47fc00a2c39e90264f33305004495a9","hash":"50cf5926bbd87b06672897e166b7f2e39b65ae15"}
,"/home/adele/holbertonschool-Portfolio/alimia/frontend/src/components/SearchBar.jsx": {"path":"/home/adele/holbertonschool-Portfolio/alimia/frontend/src/components/SearchBar.jsx","statementMap":{"0":{"start":{"line":2,"column":4},"end":{"line":19,"column":5}}},"fnMap":{"0":{"name":"SearchBar","decl":{"start":{"line":1,"column":9},"end":{"line":1,"column":18}},"loc":{"start":{"line":1,"column":49},"end":{"line":20,"column":1}},"line":1}},"branchMap":{"0":{"loc":{"start":{"line":13,"column":13},"end":{"line":17,"column":13}},"type":"binary-expr","locations":[{"start":{"line":13,"column":13},"end":{"line":13,"column":18}},{"start":{"line":14,"column":16},"end":{"line":16,"column":22}}],"line":13}},"s":{"0":19},"f":{"0":19},"b":{"0":[19,8]},"_coverageSchema":"1a1c01bbd47fc00a2c39e90264f33305004495a9","hash":"8e4e54502b23ff049ed5353562b2f8fc5caf5cf4"}
,"/home/adele/holbertonschool-Portfolio/alimia/frontend/src/components/SuggestionTag.jsx": {"path":"/home/adele/holbertonschool-Portfolio/alimia/frontend/src/components/SuggestionTag.jsx","statementMap":{"0":{"start":{"line":2,"column":4},"end":{"line":9,"column":5}}},"fnMap":{"0":{"name":"SuggestionTag","decl":{"start":{"line":1,"column":9},"end":{"line":1,"column":22}},"loc":{"start":{"line":1,"column":43},"end":{"line":10,"column":1}},"line":1}},"branchMap":{},"s":{"0":41},"f":{"0":41},"b":{},"_coverageSchema":"1a1c01bbd47fc00a2c39e90264f33305004495a9","hash":"640f69d14c27063264b1d6259a8531e618e38ced"}
,"/home/adele/holbertonschool-Portfolio/alimia/frontend/src/pages/AskAssistant.jsx": {"path":"/home/adele/holbertonschool-Portfolio/alimia/frontend/src/pages/AskAssistant.jsx","statementMap":{"0":{"start":{"line":5,"column":21},"end":{"line":5,"column":34}},"1":{"start":{"line":6,"column":36},"end":{"line":6,"column":48}},"2":{"start":{"line":7,"column":32},"end":{"line":7,"column":44}},"3":{"start":{"line":8,"column":34},"end":{"line":8,"column":49}},"4":{"start":{"line":9,"column":30},"end":{"line":9,"column":42}},"5":{"start":{"line":12,"column":8},"end":{"line":15,"column":9}},"6":{"start":{"line":13,"column":12},"end":{"line":13,"column":52}},"7":{"start":{"line":14,"column":12},"end":{"line":14,"column":18}},"8":{"start":{"line":16,"column":8},"end":{"line":16,"column":24}},"9":{"start":{"line":17,"column":8},"end":{"line":17,"column":20}},"10":{"start":{"line":18,"column":8},"end":{"line":18,"column":21}},"11":{"start":{"line":19,"column":25},"end":{"line":24,"column":10}},"12":{"start":{"line":25,"column":21},"end":{"line":25,"column":42}},"13":{"start":{"line":26,"column":8},"end":{"line":30,"column":9}},"14":{"start":{"line":27,"column":12},"end":{"line":27,"column":34}},"15":{"start":{"line":29,"column":12},"end":{"line":29,"column":71}},"16":{"start":{"line":31,"column":8},"end":{"line":31,"column":25}},"17":{"start":{"line":34,"column":4},"end":{"line":63,"column":5}},"18":{"start":{"line":36,"column":35},"end":{"line":36,"column":47}},"19":{"start":{"line":44,"column":33},"end":{"line":44,"column":60}}},"fnMap":{"0":{"name":"AskAssistant","decl":{"start":{"line":4,"column":9},"end":{"line":4,"column":21}},"loc":{"start":{"line":4,"column":24},"end":{"line":64,"column":1}},"line":4},"1":{"name":"handleAsk","decl":{"start":{"line":11,"column":19},"end":{"line":11,"column":28}},"loc":{"start":{"line":11,"column":30},"end":{"line":32,"column":5}},"line":11},"2":{"name":"(anonymous_2)","decl":{"start":{"line":36,"column":29},"end":{"line":36,"column":30}},"loc":{"start":{"line":36,"column":35},"end":{"line":36,"column":47}},"line":36},"3":{"name":"(anonymous_3)","decl":{"start":{"line":44,"column":26},"end":{"line":44,"column":27}},"loc":{"start":{"line":44,"column":33},"end":{"line":44,"column":60}},"line":44}},"branchMap":{"0":{"loc":{"start":{"line":12,"column":8},"end":{"line":15,"column":9}},"type":"if","locations":[{"start":{"line":12,"column":8},"end":{"line":15,"column":9}},{"start":{},"end":{}}],"line":12},"1":{"loc":{"start":{"line":26,"column":8},"end":{"line":30,"column":9}},"type":"if","locations":[{"start":{"line":26,"column":8},"end":{"line":30,"column":9}},{"start":{"line":28,"column":15},"end":{"line":30,"column":9}}],"line":26},"2":{"loc":{"start":{"line":52,"column":17},"end":{"line":52,"column":62}},"type":"cond-expr","locations":[{"start":{"line":52,"column":27},"end":{"line":52,"column":50}},{"start":{"line":52,"column":53},"end":{"line":52,"column":62}}],"line":52},"3":{"loc":{"start":{"line":55,"column":13},"end":{"line":55,"column":74}},"type":"binary-expr","locations":[{"start":{"line":55,"column":13},"end":{"line":55,"column":18}},{"start":{"line":55,"column":22},"end":{"line":55,"column":74}}],"line":55},"4":{"loc":{"start":{"line":57,"column":13},"end":{"line":61,"column":13}},"type":"binary-expr","locations":[{"start":{"line":57,"column":13},"end":{"line":57,"column":19}},{"start":{"line":58,"column":16},"end":{"line":60,"column":22}}],"line":57}},"s":{"0":14,"1":14,"2":14,"3":14,"4":14,"5":4,"6":1,"7":1,"8":3,"9":3,"10":3,"11":3,"12":3,"13":3,"14":2,"15":1,"16":3,"17":14,"18":0,"19":3},"f":{"0":14,"1":4,"2":0,"3":3},"b":{"0":[1,3],"1":[2,1],"2":[3,11],"3":[14,2],"4":[14,2]},"_coverageSchema":"1a1c01bbd47fc00a2c39e90264f33305004495a9","hash":"1b524ce5a25efbb3408365813098af0cde685af6"}
,"/home/adele/holbertonschool-Portfolio/alimia/frontend/src/pages/Dashboard.jsx": {"path":"/home/adele/holbertonschool-Portfolio/alimia/frontend/src/pages/Dashboard.jsx","statementMap":{"0":{"start":{"line":5,"column":21},"end":{"line":5,"column":34}},"1":{"start":{"line":6,"column":28},"end":{"line":6,"column":42}},"2":{"start":{"line":7,"column":34},"end":{"line":7,"column":48}},"3":{"start":{"line":8,"column":30},"end":{"line":8,"column":42}},"4":{"start":{"line":10,"column":18},"end":{"line":10,"column":28}},"5":{"start":{"line":11,"column":21},"end":{"line":11,"column":138}},"6":{"start":{"line":12,"column":44},"end":{"line":12,"column":62}},"7":{"start":{"line":14,"column":4},"end":{"line":32,"column":10}},"8":{"start":{"line":16,"column":12},"end":{"line":16,"column":28}},"9":{"start":{"line":17,"column":12},"end":{"line":17,"column":24}},"10":{"start":{"line":18,"column":29},"end":{"line":22,"column":14}},"11":{"start":{"line":23,"column":12},"end":{"line":28,"column":13}},"12":{"start":{"line":24,"column":29},"end":{"line":24,"column":50}},"13":{"start":{"line":25,"column":16},"end":{"line":25,"column":29}},"14":{"start":{"line":27,"column":16},"end":{"line":27,"column":49}},"15":{"start":{"line":29,"column":12},"end":{"line":29,"column":29}},"16":{"start":{"line":31,"column":8},"end":{"line":31,"column":26}},"17":{"start":{"line":34,"column":17},"end":{"line":34,"column":19}},"18":{"start":{"line":35,"column":4},"end":{"line":43,"column":5}},"19":{"start":{"line":36,"column":22},"end":{"line":36,"column":47}},"20":{"start":{"line":37,"column":20},"end":{"line":37,"column":43}},"21":{"start":{"line":38,"column":22},"end":{"line":38,"column":37}},"22":{"start":{"line":39,"column":8},"end":{"line":42,"column":9}},"23":{"start":{"line":40,"column":12},"end":{"line":40,"column":40}},"24":{"start":{"line":41,"column":12},"end":{"line":41,"column":50}},"25":{"start":{"line":45,"column":23},"end":{"line":45,"column":84}},"26":{"start":{"line":45,"column":56},"end":{"line":45,"column":78}},"27":{"start":{"line":46,"column":26},"end":{"line":46,"column":91}},"28":{"start":{"line":46,"column":59},"end":{"line":46,"column":85}},"29":{"start":{"line":48,"column":4},"end":{"line":146,"column":5}},"30":{"start":{"line":55,"column":43},"end":{"line":55,"column":71}},"31":{"start":{"line":74,"column":55},"end":{"line":74,"column":95}},"32":{"start":{"line":79,"column":32},"end":{"line":82,"column":38}},"33":{"start":{"line":91,"column":51},"end":{"line":91,"column":82}},"34":{"start":{"line":92,"column":36},"end":{"line":100,"column":37}},"35":{"start":{"line":95,"column":59},"end":{"line":95,"column":82}},"36":{"start":{"line":108,"column":36},"end":{"line":111,"column":42}},"37":{"start":{"line":120,"column":43},"end":{"line":120,"column":85}},"38":{"start":{"line":128,"column":43},"end":{"line":128,"column":69}},"39":{"start":{"line":135,"column":47},"end":{"line":135,"column":75}},"40":{"start":{"line":139,"column":47},"end":{"line":139,"column":77}}},"fnMap":{"0":{"name":"Dashboard","decl":{"start":{"line":4,"column":9},"end":{"line":4,"column":18}},"loc":{"start":{"line":4,"column":21},"end":{"line":147,"column":1}},"line":4},"1":{"name":"(anonymous_1)","decl":{"start":{"line":14,"column":14},"end":{"line":14,"column":15}},"loc":{"start":{"line":14,"column":20},"end":{"line":32,"column":5}},"line":14},"2":{"name":"fetchCurrentMenu","decl":{"start":{"line":15,"column":23},"end":{"line":15,"column":39}},"loc":{"start":{"line":15,"column":41},"end":{"line":30,"column":9}},"line":15},"3":{"name":"(anonymous_3)","decl":{"start":{"line":45,"column":48},"end":{"line":45,"column":49}},"loc":{"start":{"line":45,"column":56},"end":{"line":45,"column":78}},"line":45},"4":{"name":"(anonymous_4)","decl":{"start":{"line":46,"column":51},"end":{"line":46,"column":52}},"loc":{"start":{"line":46,"column":59},"end":{"line":46,"column":85}},"line":46},"5":{"name":"(anonymous_5)","decl":{"start":{"line":55,"column":37},"end":{"line":55,"column":38}},"loc":{"start":{"line":55,"column":43},"end":{"line":55,"column":71}},"line":55},"6":{"name":"(anonymous_6)","decl":{"start":{"line":74,"column":49},"end":{"line":74,"column":50}},"loc":{"start":{"line":74,"column":55},"end":{"line":74,"column":95}},"line":74},"7":{"name":"(anonymous_7)","decl":{"start":{"line":78,"column":44},"end":{"line":78,"column":45}},"loc":{"start":{"line":79,"column":32},"end":{"line":82,"column":38}},"line":79},"8":{"name":"(anonymous_8)","decl":{"start":{"line":90,"column":42},"end":{"line":90,"column":43}},"loc":{"start":{"line":90,"column":58},"end":{"line":101,"column":33}},"line":90},"9":{"name":"(anonymous_9)","decl":{"start":{"line":95,"column":53},"end":{"line":95,"column":54}},"loc":{"start":{"line":95,"column":59},"end":{"line":95,"column":82}},"line":95},"10":{"name":"(anonymous_10)","decl":{"start":{"line":107,"column":51},"end":{"line":107,"column":52}},"loc":{"start":{"line":108,"column":36},"end":{"line":111,"column":42}},"line":108},"11":{"name":"(anonymous_11)","decl":{"start":{"line":120,"column":37},"end":{"line":120,"column":38}},"loc":{"start":{"line":120,"column":43},"end":{"line":120,"column":85}},"line":120},"12":{"name":"(anonymous_12)","decl":{"start":{"line":128,"column":37},"end":{"line":128,"column":38}},"loc":{"start":{"line":128,"column":43},"end":{"line":128,"column":69}},"line":128},"13":{"name":"(anonymous_13)","decl":{"start":{"line":135,"column":41},"end":{"line":135,"column":42}},"loc":{"start":{"line":135,"column":47},"end":{"line":135,"column":75}},"line":135},"14":{"name":"(anonymous_14)","decl":{"start":{"line":139,"column":41},"end":{"line":139,"column":42}},"loc":{"start":{"line":139,"column":47},"end":{"line":139,"column":77}},"line":139}},"branchMap":{"0":{"loc":{"start":{"line":23,"column":12},"end":{"line":28,"column":13}},"type":"if","locations":[{"start":{"line":23,"column":12},"end":{"line":28,"column":13}},{"start":{"line":26,"column":19},"end":{"line":28,"column":13}}],"line":23},"1":{"loc":{"start":{"line":35,"column":4},"end":{"line":43,"column":5}},"type":"if","locations":[{"start":{"line":35,"column":4},"end":{"line":43,"column":5}},{"start":{},"end":{}}],"line":35},"2":{"loc":{"start":{"line":45,"column":23},"end":{"line":45,"column":84}},"type":"cond-expr","locations":[{"start":{"line":45,"column":30},"end":{"line":45,"column":79}},{"start":{"line":45,"column":82},"end":{"line":45,"column":84}}],"line":45},"3":{"loc":{"start":{"line":46,"column":26},"end":{"line":46,"column":91}},"type":"cond-expr","locations":[{"start":{"line":46,"column":33},"end":{"line":46,"column":86}},{"start":{"line":46,"column":89},"end":{"line":46,"column":91}}],"line":46},"4":{"loc":{"start":{"line":50,"column":13},"end":{"line":50,"column":44}},"type":"binary-expr","locations":[{"start":{"line":50,"column":13},"end":{"line":50,"column":20}},{"start":{"line":50,"column":24},"end":{"line":50,"column":44}}],"line":50},"5":{"loc":{"start":{"line":52,"column":13},"end":{"line":59,"column":13}},"type":"binary-expr","locations":[{"start":{"line":52,"column":13},"end":{"line":52,"column":21}},{"start":{"line":52,"column":25},"end":{"line":52,"column":30}},{"start":{"line":53,"column":16},"end":{"line":58,"column":22}}],"line":52},"6":{"loc":{"start":{"line":61,"column":13},"end":{"line":144,"column":13}},"type":"binary-expr","locations":[{"start":{"line":61,"column":13},"end":{"line":61,"column":21}},{"start":{"line":61,"column":25},"end":{"line":61,"column":29}},{"start":{"line":62,"column":16},"end":{"line":143,"column":22}}],"line":61},"7":{"loc":{"start":{"line":96,"column":55},"end":{"line":96,"column":175}},"type":"cond-expr","locations":[{"start":{"line":96,"column":81},"end":{"line":96,"column":125}},{"start":{"line":96,"column":128},"end":{"line":96,"column":175}}],"line":96}},"s":{"0":7,"1":7,"2":7,"3":7,"4":7,"5":7,"6":7,"7":7,"8":4,"9":4,"10":4,"11":3,"12":2,"13":2,"14":1,"15":3,"16":4,"17":7,"18":7,"19":2,"20":2,"21":2,"22":2,"23":2,"24":2,"25":7,"26":1,"27":7,"28":1,"29":7,"30":1,"31":1,"32":1,"33":2,"34":2,"35":0,"36":1,"37":1,"38":1,"39":1,"40":1},"f":{"0":7,"1":4,"2":4,"3":1,"4":1,"5":1,"6":1,"7":1,"8":2,"9":0,"10":1,"11":1,"12":1,"13":1,"14":1},"b":{"0":[2,1],"1":[2,5],"2":[2,5],"3":[2,5],"4":[7,4],"5":[7,3,1],"6":[7,3,2],"7":[2,0]},"_coverageSchema":"1a1c01bbd47fc00a2c39e90264f33305004495a9","hash":"2d517f1d671a0a4da5d491f0b1294b76f9c2995a"}
,"/home/adele/holbertonschool-Portfolio/alimia/frontend/src/pages/Favorites.jsx": {"path":"/home/adele/holbertonschool-Portfolio/alimia/frontend/src/pages/Favorites.jsx","statementMap":{"0":{"start":{"line":4,"column":40},"end":{"line":4,"column":52}},"1":{"start":{"line":5,"column":30},"end":{"line":5,"column":42}},"2":{"start":{"line":6,"column":34},"end":{"line":6,"column":49}},"3":{"start":{"line":8,"column":4},"end":{"line":26,"column":10}},"4":{"start":{"line":10,"column":12},"end":{"line":10,"column":28}},"5":{"start":{"line":11,"column":12},"end":{"line":11,"column":24}},"6":{"start":{"line":12,"column":29},"end":{"line":16,"column":14}},"7":{"start":{"line":17,"column":25},"end":{"line":17,"column":46}},"8":{"start":{"line":18,"column":12},"end":{"line":22,"column":13}},"9":{"start":{"line":19,"column":16},"end":{"line":19,"column":35}},"10":{"start":{"line":21,"column":16},"end":{"line":21,"column":56}},"11":{"start":{"line":23,"column":12},"end":{"line":23,"column":29}},"12":{"start":{"line":25,"column":8},"end":{"line":25,"column":23}},"13":{"start":{"line":28,"column":4},"end":{"line":49,"column":5}},"14":{"start":{"line":34,"column":12},"end":{"line":46,"column":18}},"15":{"start":{"line":38,"column":24},"end":{"line":38,"column":104}},"16":{"start":{"line":43,"column":24},"end":{"line":43,"column":64}}},"fnMap":{"0":{"name":"Favorites","decl":{"start":{"line":3,"column":9},"end":{"line":3,"column":18}},"loc":{"start":{"line":3,"column":21},"end":{"line":50,"column":1}},"line":3},"1":{"name":"(anonymous_1)","decl":{"start":{"line":8,"column":14},"end":{"line":8,"column":15}},"loc":{"start":{"line":8,"column":20},"end":{"line":26,"column":5}},"line":8},"2":{"name":"get_favorites","decl":{"start":{"line":9,"column":23},"end":{"line":9,"column":36}},"loc":{"start":{"line":9,"column":38},"end":{"line":24,"column":9}},"line":9},"3":{"name":"(anonymous_3)","decl":{"start":{"line":33,"column":24},"end":{"line":33,"column":25}},"loc":{"start":{"line":34,"column":12},"end":{"line":46,"column":18}},"line":34},"4":{"name":"(anonymous_4)","decl":{"start":{"line":37,"column":44},"end":{"line":37,"column":45}},"loc":{"start":{"line":38,"column":24},"end":{"line":38,"column":104}},"line":38},"5":{"name":"(anonymous_5)","decl":{"start":{"line":42,"column":38},"end":{"line":42,"column":39}},"loc":{"start":{"line":43,"column":24},"end":{"line":43,"column":64}},"line":43}},"branchMap":{"0":{"loc":{"start":{"line":18,"column":12},"end":{"line":22,"column":13}},"type":"if","locations":[{"start":{"line":18,"column":12},"end":{"line":22,"column":13}},{"start":{"line":20,"column":19},"end":{"line":22,"column":13}}],"line":18},"1":{"loc":{"start":{"line":31,"column":9},"end":{"line":31,"column":40}},"type":"binary-expr","locations":[{"start":{"line":31,"column":9},"end":{"line":31,"column":16}},{"start":{"line":31,"column":20},"end":{"line":31,"column":40}}],"line":31},"2":{"loc":{"start":{"line":32,"column":9},"end":{"line":32,"column":32}},"type":"binary-expr","locations":[{"start":{"line":32,"column":9},"end":{"line":32,"column":14}},{"start":{"line":32,"column":18},"end":{"line":32,"column":32}}],"line":32}},"s":{"0":9,"1":9,"2":9,"3":9,"4":3,"5":3,"6":3,"7":3,"8":3,"9":2,"10":1,"11":3,"12":3,"13":9,"14":1,"15":1,"16":2},"f":{"0":9,"1":3,"2":3,"3":1,"4":1,"5":2},"b":{"0":[2,1],"1":[9,3],"2":[9,1]},"_coverageSchema":"1a1c01bbd47fc00a2c39e90264f33305004495a9","hash":"1bf61c256f9647bae2c536cb403f373a63646e7d"}
,"/home/adele/holbertonschool-Portfolio/alimia/frontend/src/pages/FoodDetail.jsx": {"path":"/home/adele/holbertonschool-Portfolio/alimia/frontend/src/pages/FoodDetail.jsx","statementMap":{"0":{"start":{"line":7,"column":24},"end":{"line":7,"column":35}},"1":{"start":{"line":8,"column":28},"end":{"line":8,"column":42}},"2":{"start":{"line":9,"column":30},"end":{"line":9,"column":42}},"3":{"start":{"line":11,"column":4},"end":{"line":26,"column":17}},"4":{"start":{"line":13,"column":29},"end":{"line":17,"column":14}},"5":{"start":{"line":18,"column":25},"end":{"line":18,"column":46}},"6":{"start":{"line":19,"column":12},"end":{"line":23,"column":13}},"7":{"start":{"line":20,"column":16},"end":{"line":20,"column":29}},"8":{"start":{"line":22,"column":16},"end":{"line":22,"column":47}},"9":{"start":{"line":25,"column":8},"end":{"line":25,"column":26}},"10":{"start":{"line":28,"column":4},"end":{"line":28,"column":40}},"11":{"start":{"line":28,"column":15},"end":{"line":28,"column":40}},"12":{"start":{"line":29,"column":4},"end":{"line":29,"column":46}},"13":{"start":{"line":29,"column":15},"end":{"line":29,"column":46}},"14":{"start":{"line":31,"column":4},"end":{"line":52,"column":1}}},"fnMap":{"0":{"name":"FoodDetail","decl":{"start":{"line":5,"column":9},"end":{"line":5,"column":19}},"loc":{"start":{"line":5,"column":22},"end":{"line":54,"column":1}},"line":5},"1":{"name":"(anonymous_1)","decl":{"start":{"line":11,"column":14},"end":{"line":11,"column":15}},"loc":{"start":{"line":11,"column":20},"end":{"line":26,"column":5}},"line":11},"2":{"name":"get_food_details","decl":{"start":{"line":12,"column":23},"end":{"line":12,"column":39}},"loc":{"start":{"line":12,"column":42},"end":{"line":24,"column":9}},"line":12}},"branchMap":{"0":{"loc":{"start":{"line":19,"column":12},"end":{"line":23,"column":13}},"type":"if","locations":[{"start":{"line":19,"column":12},"end":{"line":23,"column":13}},{"start":{"line":21,"column":19},"end":{"line":23,"column":13}}],"line":19},"1":{"loc":{"start":{"line":28,"column":4},"end":{"line":28,"column":40}},"type":"if","locations":[{"start":{"line":28,"column":4},"end":{"line":28,"column":40}},{"start":{},"end":{}}],"line":28},"2":{"loc":{"start":{"line":29,"column":4},"end":{"line":29,"column":46}},"type":"if","locations":[{"start":{"line":29,"column":4},"end":{"line":29,"column":46}},{"start":{},"end":{}}],"line":29}},"s":{"0":5,"1":5,"2":5,"3":5,"4":3,"5":2,"6":2,"7":1,"8":1,"9":3,"10":5,"11":1,"12":4,"13":3,"14":1},"f":{"0":5,"1":3,"2":3},"b":{"0":[1,1],"1":[1,4],"2":[3,1]},"_coverageSchema":"1a1c01bbd47fc00a2c39e90264f33305004495a9","hash":"d7518f1593b76e2cdf766eae09586683abe0bde1"}
,"/home/adele/holbertonschool-Portfolio/alimia/frontend/src/pages/FoodSearch.jsx": {"path":"/home/adele/holbertonschool-Portfolio/alimia/frontend/src/pages/FoodSearch.jsx","statementMap":{"0":{"start":{"line":10,"column":36},"end":{"line":10,"column":48}},"1":{"start":{"line":11,"column":34},"end":{"line":11,"column":46}},"2":{"start":{"line":12,"column":30},"end":{"line":12,"column":42}},"3":{"start":{"line":14,"column":4},"end":{"line":33,"column":18}},"4":{"start":{"line":15,"column":8},"end":{"line":18,"column":9}},"5":{"start":{"line":16,"column":8},"end":{"line":16,"column":22}},"6":{"start":{"line":17,"column":8},"end":{"line":17,"column":14}},"7":{"start":{"line":20,"column":29},"end":{"line":24,"column":14}},"8":{"start":{"line":25,"column":25},"end":{"line":25,"column":46}},"9":{"start":{"line":26,"column":12},"end":{"line":30,"column":13}},"10":{"start":{"line":27,"column":16},"end":{"line":27,"column":32}},"11":{"start":{"line":29,"column":12},"end":{"line":29,"column":43}},"12":{"start":{"line":32,"column":8},"end":{"line":32,"column":24}},"13":{"start":{"line":36,"column":4},"end":{"line":70,"column":1}},"14":{"start":{"line":41,"column":29},"end":{"line":41,"column":56}},"15":{"start":{"line":42,"column":27},"end":{"line":42,"column":42}},"16":{"start":{"line":47,"column":61},"end":{"line":47,"column":82}},"17":{"start":{"line":48,"column":58},"end":{"line":48,"column":76}},"18":{"start":{"line":49,"column":64},"end":{"line":49,"column":88}},"19":{"start":{"line":50,"column":61},"end":{"line":50,"column":82}},"20":{"start":{"line":58,"column":16},"end":{"line":66,"column":18}}},"fnMap":{"0":{"name":"SearchFood","decl":{"start":{"line":8,"column":9},"end":{"line":8,"column":19}},"loc":{"start":{"line":8,"column":22},"end":{"line":71,"column":1}},"line":8},"1":{"name":"(anonymous_1)","decl":{"start":{"line":14,"column":14},"end":{"line":14,"column":15}},"loc":{"start":{"line":14,"column":20},"end":{"line":33,"column":5}},"line":14},"2":{"name":"handleResearch","decl":{"start":{"line":19,"column":23},"end":{"line":19,"column":37}},"loc":{"start":{"line":19,"column":39},"end":{"line":31,"column":9}},"line":19},"3":{"name":"(anonymous_3)","decl":{"start":{"line":41,"column":22},"end":{"line":41,"column":23}},"loc":{"start":{"line":41,"column":29},"end":{"line":41,"column":56}},"line":41},"4":{"name":"(anonymous_4)","decl":{"start":{"line":42,"column":21},"end":{"line":42,"column":22}},"loc":{"start":{"line":42,"column":27},"end":{"line":42,"column":42}},"line":42},"5":{"name":"(anonymous_5)","decl":{"start":{"line":47,"column":55},"end":{"line":47,"column":56}},"loc":{"start":{"line":47,"column":61},"end":{"line":47,"column":82}},"line":47},"6":{"name":"(anonymous_6)","decl":{"start":{"line":48,"column":52},"end":{"line":48,"column":53}},"loc":{"start":{"line":48,"column":58},"end":{"line":48,"column":76}},"line":48},"7":{"name":"(anonymous_7)","decl":{"start":{"line":49,"column":58},"end":{"line":49,"column":59}},"loc":{"start":{"line":49,"column":64},"end":{"line":49,"column":88}},"line":49},"8":{"name":"(anonymous_8)","decl":{"start":{"line":50,"column":55},"end":{"line":50,"column":56}},"loc":{"start":{"line":50,"column":61},"end":{"line":50,"column":82}},"line":50},"9":{"name":"(anonymous_9)","decl":{"start":{"line":57,"column":25},"end":{"line":57,"column":26}},"loc":{"start":{"line":58,"column":16},"end":{"line":66,"column":18}},"line":58}},"branchMap":{"0":{"loc":{"start":{"line":15,"column":8},"end":{"line":18,"column":9}},"type":"if","locations":[{"start":{"line":15,"column":8},"end":{"line":18,"column":9}},{"start":{},"end":{}}],"line":15},"1":{"loc":{"start":{"line":26,"column":12},"end":{"line":30,"column":13}},"type":"if","locations":[{"start":{"line":26,"column":12},"end":{"line":30,"column":13}},{"start":{"line":28,"column":19},"end":{"line":30,"column":13}}],"line":26},"2":{"loc":{"start":{"line":45,"column":9},"end":{"line":52,"column":9}},"type":"binary-expr","locations":[{"start":{"line":45,"column":9},"end":{"line":45,"column":18}},{"start":{"line":46,"column":12},"end":{"line":51,"column":18}}],"line":45},"3":{"loc":{"start":{"line":54,"column":9},"end":{"line":54,"column":62}},"type":"binary-expr","locations":[{"start":{"line":54,"column":9},"end":{"line":54,"column":14}},{"start":{"line":54,"column":18},"end":{"line":54,"column":62}}],"line":54}},"s":{"0":16,"1":16,"2":16,"3":16,"4":8,"5":5,"6":5,"7":3,"8":3,"9":3,"10":2,"11":1,"12":3,"13":16,"14":3,"15":0,"16":1,"17":0,"18":0,"19":0,"20":3},"f":{"0":16,"1":8,"2":3,"3":3,"4":0,"5":1,"6":0,"7":0,"8":0,"9":3},"b":{"0":[5,3],"1":[2,1],"2":[16,10],"3":[16,1]},"_coverageSchema":"1a1c01bbd47fc00a2c39e90264f33305004495a9","hash":"51834d56edccc27c5aa2beb3cd19faa7dd72d7e7"}
,"/home/adele/holbertonschool-Portfolio/alimia/frontend/src/pages/Login.jsx": {"path":"/home/adele/holbertonschool-Portfolio/alimia/frontend/src/pages/Login.jsx","statementMap":{"0":{"start":{"line":5,"column":19},"end":{"line":5,"column":32}},"1":{"start":{"line":7,"column":28},"end":{"line":7,"column":40}},"2":{"start":{"line":8,"column":34},"end":{"line":8,"column":46}},"3":{"start":{"line":9,"column":28},"end":{"line":9,"column":40}},"4":{"start":{"line":12,"column":21},"end":{"line":17,"column":6}},"5":{"start":{"line":18,"column":17},"end":{"line":18,"column":38}},"6":{"start":{"line":19,"column":4},"end":{"line":24,"column":5}},"7":{"start":{"line":20,"column":6},"end":{"line":20,"column":49}},"8":{"start":{"line":22,"column":9},"end":{"line":24,"column":5}},"9":{"start":{"line":23,"column":6},"end":{"line":23,"column":28}},"10":{"start":{"line":26,"column":2},"end":{"line":44,"column":3}},"11":{"start":{"line":33,"column":23},"end":{"line":33,"column":47}},"12":{"start":{"line":39,"column":23},"end":{"line":39,"column":50}}},"fnMap":{"0":{"name":"Login","decl":{"start":{"line":4,"column":9},"end":{"line":4,"column":14}},"loc":{"start":{"line":4,"column":17},"end":{"line":45,"column":1}},"line":4},"1":{"name":"handleSubmit","decl":{"start":{"line":11,"column":17},"end":{"line":11,"column":29}},"loc":{"start":{"line":11,"column":31},"end":{"line":25,"column":3}},"line":11},"2":{"name":"(anonymous_2)","decl":{"start":{"line":33,"column":16},"end":{"line":33,"column":17}},"loc":{"start":{"line":33,"column":23},"end":{"line":33,"column":47}},"line":33},"3":{"name":"(anonymous_3)","decl":{"start":{"line":39,"column":16},"end":{"line":39,"column":17}},"loc":{"start":{"line":39,"column":23},"end":{"line":39,"column":50}},"line":39}},"branchMap":{"0":{"loc":{"start":{"line":19,"column":4},"end":{"line":24,"column":5}},"type":"if","locations":[{"start":{"line":19,"column":4},"end":{"line":24,"column":5}},{"start":{"line":22,"column":9},"end":{"line":24,"column":5}}],"line":19},"1":{"loc":{"start":{"line":22,"column":9},"end":{"line":24,"column":5}},"type":"if","locations":[{"start":{"line":22,"column":9},"end":{"line":24,"column":5}},{"start":{},"end":{}}],"line":22},"2":{"loc":{"start":{"line":42,"column":7},"end":{"line":42,"column":30}},"type":"binary-expr","locations":[{"start":{"line":42,"column":7},"end":{"line":42,"column":12}},{"start":{"line":42,"column":16},"end":{"line":42,"column":30}}],"line":42}},"s":{"0":7,"1":7,"2":7,"3":7,"4":2,"5":2,"6":2,"7":1,"8":1,"9":1,"10":7,"11":2,"12":2},"f":{"0":7,"1":2,"2":2,"3":2},"b":{"0":[1,1],"1":[1,0],"2":[7,1]},"_coverageSchema":"1a1c01bbd47fc00a2c39e90264f33305004495a9","hash":"6c23260fc61666d0eb1dad5b13a378c2771e8d61"}
,"/home/adele/holbertonschool-Portfolio/alimia/frontend/src/pages/MenuGeneration.jsx": {"path":"/home/adele/holbertonschool-Portfolio/alimia/frontend/src/pages/MenuGeneration.jsx","statementMap":{"0":{"start":{"line":7,"column":21},"end":{"line":7,"column":34}},"1":{"start":{"line":8,"column":37},"end":{"line":8,"column":49}},"2":{"start":{"line":9,"column":39},"end":{"line":9,"column":51}},"3":{"start":{"line":10,"column":42},"end":{"line":10,"column":54}},"4":{"start":{"line":11,"column":47},"end":{"line":11,"column":61}},"5":{"start":{"line":12,"column":34},"end":{"line":12,"column":49}},"6":{"start":{"line":13,"column":30},"end":{"line":13,"column":42}},"7":{"start":{"line":14,"column":44},"end":{"line":14,"column":58}},"8":{"start":{"line":15,"column":44},"end":{"line":15,"column":56}},"9":{"start":{"line":16,"column":44},"end":{"line":16,"column":56}},"10":{"start":{"line":19,"column":8},"end":{"line":22,"column":9}},"11":{"start":{"line":20,"column":12},"end":{"line":20,"column":55}},"12":{"start":{"line":21,"column":12},"end":{"line":21,"column":18}},"13":{"start":{"line":23,"column":8},"end":{"line":23,"column":24}},"14":{"start":{"line":24,"column":8},"end":{"line":24,"column":20}},"15":{"start":{"line":25,"column":25},"end":{"line":34,"column":10}},"16":{"start":{"line":35,"column":21},"end":{"line":35,"column":42}},"17":{"start":{"line":36,"column":8},"end":{"line":42,"column":9}},"18":{"start":{"line":37,"column":12},"end":{"line":37,"column":34}},"19":{"start":{"line":38,"column":12},"end":{"line":38,"column":33}},"20":{"start":{"line":39,"column":12},"end":{"line":39,"column":44}},"21":{"start":{"line":41,"column":12},"end":{"line":41,"column":53}},"22":{"start":{"line":43,"column":8},"end":{"line":43,"column":25}},"23":{"start":{"line":47,"column":8},"end":{"line":47,"column":24}},"24":{"start":{"line":48,"column":8},"end":{"line":48,"column":20}},"25":{"start":{"line":49,"column":25},"end":{"line":58,"column":10}},"26":{"start":{"line":59,"column":21},"end":{"line":59,"column":42}},"27":{"start":{"line":60,"column":8},"end":{"line":66,"column":9}},"28":{"start":{"line":61,"column":12},"end":{"line":61,"column":34}},"29":{"start":{"line":62,"column":12},"end":{"line":62,"column":33}},"30":{"start":{"line":63,"column":12},"end":{"line":63,"column":31}},"31":{"start":{"line":65,"column":12},"end":{"line":65,"column":55}},"32":{"start":{"line":67,"column":8},"end":{"line":67,"column":25}},"33":{"start":{"line":71,"column":8},"end":{"line":71,"column":24}},"34":{"start":{"line":72,"column":8},"end":{"line":72,"column":20}},"35":{"start":{"line":73,"column":25},"end":{"line":78,"column":10}},"36":{"start":{"line":79,"column":21},"end":{"line":79,"column":42}},"37":{"start":{"line":80,"column":8},"end":{"line":84,"column":9}},"38":{"start":{"line":81,"column":12},"end":{"line":81,"column":52}},"39":{"start":{"line":83,"column":12},"end":{"line":83,"column":45}},"40":{"start":{"line":85,"column":8},"end":{"line":85,"column":25}},"41":{"start":{"line":89,"column":8},"end":{"line":89,"column":58}},"42":{"start":{"line":92,"column":17},"end":{"line":92,"column":19}},"43":{"start":{"line":93,"column":4},"end":{"line":101,"column":5}},"44":{"start":{"line":94,"column":22},"end":{"line":94,"column":57}},"45":{"start":{"line":95,"column":20},"end":{"line":95,"column":53}},"46":{"start":{"line":96,"column":22},"end":{"line":96,"column":37}},"47":{"start":{"line":97,"column":8},"end":{"line":100,"column":9}},"48":{"start":{"line":98,"column":12},"end":{"line":98,"column":40}},"49":{"start":{"line":99,"column":12},"end":{"line":99,"column":50}},"50":{"start":{"line":103,"column":4},"end":{"line":199,"column":5}},"51":{"start":{"line":106,"column":55},"end":{"line":106,"column":82}},"52":{"start":{"line":111,"column":67},"end":{"line":111,"column":95}},"53":{"start":{"line":113,"column":56},"end":{"line":113,"column":86}},"54":{"start":{"line":123,"column":32},"end":{"line":129,"column":41}},"55":{"start":{"line":125,"column":51},"end":{"line":125,"column":99}},"56":{"start":{"line":134,"column":48},"end":{"line":134,"column":74}},"57":{"start":{"line":136,"column":48},"end":{"line":136,"column":80}},"58":{"start":{"line":137,"column":36},"end":{"line":152,"column":37}},"59":{"start":{"line":139,"column":64},"end":{"line":139,"column":79}},"60":{"start":{"line":147,"column":56},"end":{"line":147,"column":121}},"61":{"start":{"line":161,"column":32},"end":{"line":186,"column":38}},"62":{"start":{"line":166,"column":56},"end":{"line":166,"column":101}},"63":{"start":{"line":168,"column":56},"end":{"line":168,"column":88}},"64":{"start":{"line":169,"column":44},"end":{"line":184,"column":45}},"65":{"start":{"line":171,"column":72},"end":{"line":171,"column":87}},"66":{"start":{"line":179,"column":64},"end":{"line":179,"column":129}},"67":{"start":{"line":193,"column":65},"end":{"line":193,"column":96}}},"fnMap":{"0":{"name":"MenuGeneration","decl":{"start":{"line":6,"column":9},"end":{"line":6,"column":23}},"loc":{"start":{"line":6,"column":26},"end":{"line":200,"column":1}},"line":6},"1":{"name":"handleGenerate","decl":{"start":{"line":18,"column":19},"end":{"line":18,"column":33}},"loc":{"start":{"line":18,"column":35},"end":{"line":44,"column":5}},"line":18},"2":{"name":"handleUpdateDraft","decl":{"start":{"line":46,"column":19},"end":{"line":46,"column":36}},"loc":{"start":{"line":46,"column":38},"end":{"line":68,"column":5}},"line":46},"3":{"name":"handleSave","decl":{"start":{"line":70,"column":19},"end":{"line":70,"column":29}},"loc":{"start":{"line":70,"column":31},"end":{"line":86,"column":5}},"line":70},"4":{"name":"toggleMeal","decl":{"start":{"line":88,"column":13},"end":{"line":88,"column":23}},"loc":{"start":{"line":88,"column":28},"end":{"line":90,"column":5}},"line":88},"5":{"name":"(anonymous_5)","decl":{"start":{"line":106,"column":48},"end":{"line":106,"column":49}},"loc":{"start":{"line":106,"column":55},"end":{"line":106,"column":82}},"line":106},"6":{"name":"(anonymous_6)","decl":{"start":{"line":111,"column":60},"end":{"line":111,"column":61}},"loc":{"start":{"line":111,"column":67},"end":{"line":111,"column":95}},"line":111},"7":{"name":"(anonymous_7)","decl":{"start":{"line":113,"column":49},"end":{"line":113,"column":50}},"loc":{"start":{"line":113,"column":56},"end":{"line":113,"column":86}},"line":113},"8":{"name":"(anonymous_8)","decl":{"start":{"line":122,"column":38},"end":{"line":122,"column":39}},"loc":{"start":{"line":123,"column":32},"end":{"line":129,"column":41}},"line":123},"9":{"name":"(anonymous_9)","decl":{"start":{"line":125,"column":45},"end":{"line":125,"column":46}},"loc":{"start":{"line":125,"column":51},"end":{"line":125,"column":99}},"line":125},"10":{"name":"(anonymous_10)","decl":{"start":{"line":134,"column":40},"end":{"line":134,"column":41}},"loc":{"start":{"line":134,"column":48},"end":{"line":134,"column":74}},"line":134},"11":{"name":"(anonymous_11)","decl":{"start":{"line":135,"column":37},"end":{"line":135,"column":38}},"loc":{"start":{"line":135,"column":54},"end":{"line":153,"column":33}},"line":135},"12":{"name":"(anonymous_12)","decl":{"start":{"line":139,"column":58},"end":{"line":139,"column":59}},"loc":{"start":{"line":139,"column":64},"end":{"line":139,"column":79}},"line":139},"13":{"name":"(anonymous_13)","decl":{"start":{"line":146,"column":75},"end":{"line":146,"column":76}},"loc":{"start":{"line":147,"column":56},"end":{"line":147,"column":121}},"line":147},"14":{"name":"(anonymous_14)","decl":{"start":{"line":160,"column":38},"end":{"line":160,"column":39}},"loc":{"start":{"line":161,"column":32},"end":{"line":186,"column":38}},"line":161},"15":{"name":"(anonymous_15)","decl":{"start":{"line":166,"column":48},"end":{"line":166,"column":49}},"loc":{"start":{"line":166,"column":56},"end":{"line":166,"column":101}},"line":166},"16":{"name":"(anonymous_16)","decl":{"start":{"line":167,"column":45},"end":{"line":167,"column":46}},"loc":{"start":{"line":167,"column":66},"end":{"line":185,"column":41}},"line":167},"17":{"name":"(anonymous_17)","decl":{"start":{"line":171,"column":66},"end":{"line":171,"column":67}},"loc":{"start":{"line":171,"column":72},"end":{"line":171,"column":87}},"line":171},"18":{"name":"(anonymous_18)","decl":{"start":{"line":178,"column":83},"end":{"line":178,"column":84}},"loc":{"start":{"line":179,"column":64},"end":{"line":179,"column":129}},"line":179},"19":{"name":"(anonymous_19)","decl":{"start":{"line":193,"column":58},"end":{"line":193,"column":59}},"loc":{"start":{"line":193,"column":65},"end":{"line":193,"column":96}},"line":193}},"branchMap":{"0":{"loc":{"start":{"line":19,"column":8},"end":{"line":22,"column":9}},"type":"if","locations":[{"start":{"line":19,"column":8},"end":{"line":22,"column":9}},{"start":{},"end":{}}],"line":19},"1":{"loc":{"start":{"line":32,"column":38},"end":{"line":32,"column":57}},"type":"binary-expr","locations":[{"start":{"line":32,"column":38},"end":{"line":32,"column":49}},{"start":{"line":32,"column":53},"end":{"line":32,"column":57}}],"line":32},"2":{"loc":{"start":{"line":36,"column":8},"end":{"line":42,"column":9}},"type":"if","locations":[{"start":{"line":36,"column":8},"end":{"line":42,"column":9}},{"start":{"line":40,"column":15},"end":{"line":42,"column":9}}],"line":36},"3":{"loc":{"start":{"line":56,"column":38},"end":{"line":56,"column":57}},"type":"binary-expr","locations":[{"start":{"line":56,"column":38},"end":{"line":56,"column":49}},{"start":{"line":56,"column":53},"end":{"line":56,"column":57}}],"line":56},"4":{"loc":{"start":{"line":60,"column":8},"end":{"line":66,"column":9}},"type":"if","locations":[{"start":{"line":60,"column":8},"end":{"line":66,"column":9}},{"start":{"line":64,"column":15},"end":{"line":66,"column":9}}],"line":60},"5":{"loc":{"start":{"line":80,"column":8},"end":{"line":84,"column":9}},"type":"if","locations":[{"start":{"line":80,"column":8},"end":{"line":84,"column":9}},{"start":{"line":82,"column":15},"end":{"line":84,"column":9}}],"line":80},"6":{"loc":{"start":{"line":89,"column":24},"end":{"line":89,"column":57}},"type":"cond-expr","locations":[{"start":{"line":89,"column":47},"end":{"line":89,"column":51}},{"start":{"line":89,"column":54},"end":{"line":89,"column":57}}],"line":89},"7":{"loc":{"start":{"line":93,"column":4},"end":{"line":101,"column":5}},"type":"if","locations":[{"start":{"line":93,"column":4},"end":{"line":101,"column":5}},{"start":{},"end":{}}],"line":93},"8":{"loc":{"start":{"line":115,"column":13},"end":{"line":115,"column":53}},"type":"binary-expr","locations":[{"start":{"line":115,"column":13},"end":{"line":115,"column":20}},{"start":{"line":115,"column":24},"end":{"line":115,"column":53}}],"line":115},"9":{"loc":{"start":{"line":116,"column":13},"end":{"line":116,"column":36}},"type":"binary-expr","locations":[{"start":{"line":116,"column":13},"end":{"line":116,"column":18}},{"start":{"line":116,"column":22},"end":{"line":116,"column":36}}],"line":116},"10":{"loc":{"start":{"line":117,"column":13},"end":{"line":197,"column":13}},"type":"binary-expr","locations":[{"start":{"line":117,"column":13},"end":{"line":117,"column":27}},{"start":{"line":118,"column":16},"end":{"line":196,"column":22}}],"line":117},"11":{"loc":{"start":{"line":126,"column":47},"end":{"line":126,"column":169}},"type":"cond-expr","locations":[{"start":{"line":126,"column":98},"end":{"line":126,"column":142}},{"start":{"line":126,"column":145},"end":{"line":126,"column":169}}],"line":126},"12":{"loc":{"start":{"line":143,"column":45},"end":{"line":150,"column":45}},"type":"binary-expr","locations":[{"start":{"line":143,"column":45},"end":{"line":143,"column":65}},{"start":{"line":143,"column":69},"end":{"line":143,"column":80}},{"start":{"line":144,"column":48},"end":{"line":149,"column":54}}],"line":143},"13":{"loc":{"start":{"line":175,"column":53},"end":{"line":182,"column":53}},"type":"binary-expr","locations":[{"start":{"line":175,"column":53},"end":{"line":175,"column":73}},{"start":{"line":175,"column":77},"end":{"line":175,"column":88}},{"start":{"line":176,"column":56},"end":{"line":181,"column":62}}],"line":175}},"s":{"0":30,"1":30,"2":30,"3":30,"4":30,"5":30,"6":30,"7":30,"8":30,"9":30,"10":6,"11":1,"12":1,"13":5,"14":5,"15":5,"16":5,"17":5,"18":4,"19":4,"20":4,"21":1,"22":5,"23":1,"24":1,"25":1,"26":1,"27":1,"28":1,"29":1,"30":1,"31":0,"32":1,"33":2,"34":2,"35":2,"36":2,"37":2,"38":1,"39":1,"40":2,"41":1,"42":30,"43":30,"44":12,"45":12,"46":12,"47":12,"48":12,"49":12,"50":30,"51":5,"52":0,"53":0,"54":12,"55":0,"56":12,"57":12,"58":12,"59":1,"60":2,"61":12,"62":12,"63":12,"64":12,"65":0,"66":2,"67":1},"f":{"0":30,"1":6,"2":1,"3":2,"4":1,"5":5,"6":0,"7":0,"8":12,"9":0,"10":12,"11":12,"12":1,"13":2,"14":12,"15":12,"16":12,"17":0,"18":2,"19":1},"b":{"0":[1,5],"1":[5,5],"2":[4,1],"3":[1,1],"4":[1,0],"5":[1,1],"6":[0,1],"7":[12,18],"8":[30,8],"9":[30,3],"10":[30,12],"11":[12,0],"12":[12,1,1],"13":[12,1,1]},"_coverageSchema":"1a1c01bbd47fc00a2c39e90264f33305004495a9","hash":"8f6f1dcbd67006cc9e6d752529e687f876aabefe"}
,"/home/adele/holbertonschool-Portfolio/alimia/frontend/src/pages/Profile.jsx": {"path":"/home/adele/holbertonschool-Portfolio/alimia/frontend/src/pages/Profile.jsx","statementMap":{"0":{"start":{"line":3,"column":19},"end":{"line":3,"column":70}},"1":{"start":{"line":4,"column":28},"end":{"line":4,"column":166}},"2":{"start":{"line":5,"column":14},"end":{"line":5,"column":85}},"3":{"start":{"line":8,"column":32},"end":{"line":8,"column":46}},"4":{"start":{"line":9,"column":32},"end":{"line":9,"column":44}},"5":{"start":{"line":10,"column":36},"end":{"line":10,"column":95}},"6":{"start":{"line":11,"column":36},"end":{"line":11,"column":51}},"7":{"start":{"line":12,"column":28},"end":{"line":12,"column":40}},"8":{"start":{"line":13,"column":48},"end":{"line":13,"column":60}},"9":{"start":{"line":14,"column":54},"end":{"line":14,"column":66}},"10":{"start":{"line":15,"column":50},"end":{"line":15,"column":62}},"11":{"start":{"line":16,"column":56},"end":{"line":16,"column":68}},"12":{"start":{"line":17,"column":46},"end":{"line":17,"column":58}},"13":{"start":{"line":18,"column":52},"end":{"line":18,"column":64}},"14":{"start":{"line":19,"column":54},"end":{"line":19,"column":69}},"15":{"start":{"line":20,"column":42},"end":{"line":20,"column":94}},"16":{"start":{"line":22,"column":2},"end":{"line":74,"column":8}},"17":{"start":{"line":24,"column":23},"end":{"line":27,"column":8}},"18":{"start":{"line":28,"column":19},"end":{"line":28,"column":40}},"19":{"start":{"line":29,"column":6},"end":{"line":42,"column":7}},"20":{"start":{"line":30,"column":8},"end":{"line":32,"column":9}},"21":{"start":{"line":31,"column":10},"end":{"line":31,"column":29}},"22":{"start":{"line":33,"column":8},"end":{"line":35,"column":9}},"23":{"start":{"line":34,"column":10},"end":{"line":34,"column":25}},"24":{"start":{"line":36,"column":8},"end":{"line":38,"column":9}},"25":{"start":{"line":37,"column":10},"end":{"line":37,"column":39}},"26":{"start":{"line":39,"column":6},"end":{"line":39,"column":22}},"27":{"start":{"line":41,"column":8},"end":{"line":41,"column":38}},"28":{"start":{"line":44,"column":30},"end":{"line":47,"column":8}},"29":{"start":{"line":48,"column":26},"end":{"line":48,"column":54}},"30":{"start":{"line":49,"column":6},"end":{"line":53,"column":7}},"31":{"start":{"line":50,"column":8},"end":{"line":50,"column":31}},"32":{"start":{"line":52,"column":8},"end":{"line":52,"column":52}},"33":{"start":{"line":55,"column":28},"end":{"line":58,"column":8}},"34":{"start":{"line":59,"column":24},"end":{"line":59,"column":50}},"35":{"start":{"line":60,"column":6},"end":{"line":62,"column":7}},"36":{"start":{"line":61,"column":8},"end":{"line":61,"column":36}},"37":{"start":{"line":64,"column":31},"end":{"line":67,"column":8}},"38":{"start":{"line":68,"column":27},"end":{"line":68,"column":56}},"39":{"start":{"line":69,"column":6},"end":{"line":71,"column":7}},"40":{"start":{"line":70,"column":8},"end":{"line":70,"column":42}},"41":{"start":{"line":73,"column":4},"end":{"line":73,"column":15}},"42":{"start":{"line":77,"column":18},"end":{"line":77,"column":28}},"43":{"start":{"line":78,"column":18},"end":{"line":78,"column":37}},"44":{"start":{"line":79,"column":14},"end":{"line":79,"column":55}},"45":{"start":{"line":80,"column":22},"end":{"line":80,"column":57}},"46":{"start":{"line":81,"column":4},"end":{"line":83,"column":5}},"47":{"start":{"line":82,"column":6},"end":{"line":82,"column":11}},"48":{"start":{"line":84,"column":4},"end":{"line":84,"column":14}},"49":{"start":{"line":88,"column":26},"end":{"line":93,"column":5}},"50":{"start":{"line":94,"column":4},"end":{"line":94,"column":48}},"51":{"start":{"line":95,"column":21},"end":{"line":100,"column":6}},"52":{"start":{"line":101,"column":4},"end":{"line":111,"column":5}},"53":{"start":{"line":102,"column":6},"end":{"line":102,"column":25}},"54":{"start":{"line":103,"column":30},"end":{"line":106,"column":8}},"55":{"start":{"line":107,"column":26},"end":{"line":107,"column":54}},"56":{"start":{"line":108,"column":6},"end":{"line":108,"column":29}},"57":{"start":{"line":110,"column":6},"end":{"line":110,"column":51}},"58":{"start":{"line":115,"column":21},"end":{"line":120,"column":6}},"59":{"start":{"line":121,"column":4},"end":{"line":125,"column":5}},"60":{"start":{"line":122,"column":19},"end":{"line":122,"column":40}},"61":{"start":{"line":123,"column":6},"end":{"line":123,"column":68}},"62":{"start":{"line":124,"column":6},"end":{"line":124,"column":69}},"63":{"start":{"line":129,"column":19},"end":{"line":132,"column":4}},"64":{"start":{"line":133,"column":2},"end":{"line":135,"column":3}},"65":{"start":{"line":134,"column":4},"end":{"line":134,"column":55}},"66":{"start":{"line":134,"column":35},"end":{"line":134,"column":53}},"67":{"start":{"line":138,"column":21},"end":{"line":141,"column":6}},"68":{"start":{"line":142,"column":4},"end":{"line":145,"column":5}},"69":{"start":{"line":143,"column":19},"end":{"line":143,"column":40}},"70":{"start":{"line":144,"column":6},"end":{"line":144,"column":44}},"71":{"start":{"line":149,"column":21},"end":{"line":152,"column":6}},"72":{"start":{"line":153,"column":4},"end":{"line":156,"column":5}},"73":{"start":{"line":154,"column":19},"end":{"line":154,"column":40}},"74":{"start":{"line":155,"column":6},"end":{"line":155,"column":47}},"75":{"start":{"line":160,"column":21},"end":{"line":165,"column":6}},"76":{"start":{"line":166,"column":4},"end":{"line":168,"column":5}},"77":{"start":{"line":167,"column":6},"end":{"line":167,"column":88}},"78":{"start":{"line":172,"column":21},"end":{"line":177,"column":6}},"79":{"start":{"line":178,"column":4},"end":{"line":180,"column":5}},"80":{"start":{"line":179,"column":6},"end":{"line":179,"column":94}},"81":{"start":{"line":184,"column":21},"end":{"line":187,"column":6}},"82":{"start":{"line":188,"column":4},"end":{"line":190,"column":5}},"83":{"start":{"line":189,"column":6},"end":{"line":189,"column":74}},"84":{"start":{"line":189,"column":51},"end":{"line":189,"column":72}},"85":{"start":{"line":194,"column":21},"end":{"line":197,"column":6}},"86":{"start":{"line":198,"column":4},"end":{"line":200,"column":5}},"87":{"start":{"line":199,"column":6},"end":{"line":199,"column":80}},"88":{"start":{"line":199,"column":57},"end":{"line":199,"column":78}},"89":{"start":{"line":204,"column":21},"end":{"line":209,"column":6}},"90":{"start":{"line":210,"column":4},"end":{"line":215,"column":5}},"91":{"start":{"line":211,"column":6},"end":{"line":211,"column":34}},"92":{"start":{"line":212,"column":6},"end":{"line":212,"column":65}},"93":{"start":{"line":214,"column":6},"end":{"line":214,"column":57}},"94":{"start":{"line":218,"column":2},"end":{"line":483,"column":3}},"95":{"start":{"line":230,"column":31},"end":{"line":230,"column":85}},"96":{"start":{"line":235,"column":31},"end":{"line":235,"column":80}},"97":{"start":{"line":243,"column":31},"end":{"line":243,"column":85}},"98":{"start":{"line":247,"column":31},"end":{"line":247,"column":81}},"99":{"start":{"line":255,"column":16},"end":{"line":269,"column":24}},"100":{"start":{"line":260,"column":38},"end":{"line":260,"column":58}},"101":{"start":{"line":261,"column":22},"end":{"line":265,"column":23}},"102":{"start":{"line":262,"column":24},"end":{"line":262,"column":75}},"103":{"start":{"line":264,"column":24},"end":{"line":264,"column":88}},"104":{"start":{"line":264,"column":75},"end":{"line":264,"column":85}},"105":{"start":{"line":277,"column":16},"end":{"line":291,"column":24}},"106":{"start":{"line":282,"column":38},"end":{"line":282,"column":62}},"107":{"start":{"line":283,"column":22},"end":{"line":287,"column":23}},"108":{"start":{"line":284,"column":24},"end":{"line":284,"column":79}},"109":{"start":{"line":286,"column":24},"end":{"line":286,"column":92}},"110":{"start":{"line":286,"column":79},"end":{"line":286,"column":89}},"111":{"start":{"line":296,"column":16},"end":{"line":310,"column":24}},"112":{"start":{"line":301,"column":38},"end":{"line":301,"column":72}},"113":{"start":{"line":302,"column":22},"end":{"line":306,"column":23}},"114":{"start":{"line":303,"column":24},"end":{"line":303,"column":89}},"115":{"start":{"line":305,"column":24},"end":{"line":305,"column":102}},"116":{"start":{"line":305,"column":89},"end":{"line":305,"column":99}},"117":{"start":{"line":318,"column":33},"end":{"line":318,"column":67}},"118":{"start":{"line":322,"column":16},"end":{"line":326,"column":22}},"119":{"start":{"line":323,"column":41},"end":{"line":323,"column":65}},"120":{"start":{"line":330,"column":18},"end":{"line":333,"column":22}},"121":{"start":{"line":332,"column":43},"end":{"line":332,"column":78}},"122":{"start":{"line":342,"column":33},"end":{"line":342,"column":70}},"123":{"start":{"line":346,"column":16},"end":{"line":350,"column":22}},"124":{"start":{"line":347,"column":41},"end":{"line":347,"column":68}},"125":{"start":{"line":354,"column":18},"end":{"line":357,"column":22}},"126":{"start":{"line":356,"column":43},"end":{"line":356,"column":81}},"127":{"start":{"line":364,"column":12},"end":{"line":374,"column":18}},"128":{"start":{"line":368,"column":41},"end":{"line":368,"column":53}},"129":{"start":{"line":369,"column":18},"end":{"line":369,"column":83}},"130":{"start":{"line":370,"column":18},"end":{"line":370,"column":44}},"131":{"start":{"line":373,"column":37},"end":{"line":373,"column":66}},"132":{"start":{"line":380,"column":31},"end":{"line":380,"column":89}},"133":{"start":{"line":384,"column":31},"end":{"line":384,"column":85}},"134":{"start":{"line":393,"column":31},"end":{"line":393,"column":92}},"135":{"start":{"line":401,"column":33},"end":{"line":401,"column":51}},"136":{"start":{"line":420,"column":16},"end":{"line":420,"column":53}},"137":{"start":{"line":425,"column":16},"end":{"line":425,"column":53}},"138":{"start":{"line":431,"column":12},"end":{"line":433,"column":18}},"139":{"start":{"line":442,"column":33},"end":{"line":442,"column":101}},"140":{"start":{"line":448,"column":33},"end":{"line":448,"column":97}},"141":{"start":{"line":451,"column":37},"end":{"line":451,"column":65}},"142":{"start":{"line":454,"column":35},"end":{"line":454,"column":62}},"143":{"start":{"line":457,"column":29},"end":{"line":460,"column":14}},"144":{"start":{"line":461,"column":12},"end":{"line":463,"column":13}},"145":{"start":{"line":462,"column":14},"end":{"line":462,"column":45}},"146":{"start":{"line":468,"column":12},"end":{"line":476,"column":13}},"147":{"start":{"line":469,"column":31},"end":{"line":472,"column":16}},"148":{"start":{"line":473,"column":14},"end":{"line":475,"column":15}},"149":{"start":{"line":474,"column":16},"end":{"line":474,"column":50}}},"fnMap":{"0":{"name":"Profile","decl":{"start":{"line":7,"column":9},"end":{"line":7,"column":16}},"loc":{"start":{"line":7,"column":19},"end":{"line":484,"column":1}},"line":7},"1":{"name":"(anonymous_1)","decl":{"start":{"line":22,"column":12},"end":{"line":22,"column":13}},"loc":{"start":{"line":22,"column":18},"end":{"line":74,"column":3}},"line":22},"2":{"name":"fetchData","decl":{"start":{"line":23,"column":19},"end":{"line":23,"column":28}},"loc":{"start":{"line":23,"column":31},"end":{"line":72,"column":5}},"line":23},"3":{"name":"calculateAge","decl":{"start":{"line":76,"column":11},"end":{"line":76,"column":23}},"loc":{"start":{"line":76,"column":35},"end":{"line":85,"column":3}},"line":76},"4":{"name":"handleSave","decl":{"start":{"line":87,"column":17},"end":{"line":87,"column":27}},"loc":{"start":{"line":87,"column":30},"end":{"line":112,"column":3}},"line":87},"5":{"name":"handleAddMember","decl":{"start":{"line":114,"column":17},"end":{"line":114,"column":32}},"loc":{"start":{"line":114,"column":35},"end":{"line":126,"column":3}},"line":114},"6":{"name":"handleRemoveMember","decl":{"start":{"line":128,"column":17},"end":{"line":128,"column":35}},"loc":{"start":{"line":128,"column":47},"end":{"line":135,"column":4}},"line":128},"7":{"name":"(anonymous_7)","decl":{"start":{"line":134,"column":30},"end":{"line":134,"column":31}},"loc":{"start":{"line":134,"column":35},"end":{"line":134,"column":53}},"line":134},"8":{"name":"handleLikedFoodSearch","decl":{"start":{"line":137,"column":17},"end":{"line":137,"column":38}},"loc":{"start":{"line":137,"column":41},"end":{"line":146,"column":3}},"line":137},"9":{"name":"handleDislikedFoodSearch","decl":{"start":{"line":148,"column":17},"end":{"line":148,"column":41}},"loc":{"start":{"line":148,"column":44},"end":{"line":157,"column":3}},"line":148},"10":{"name":"handleAddLikedFood","decl":{"start":{"line":159,"column":17},"end":{"line":159,"column":35}},"loc":{"start":{"line":159,"column":42},"end":{"line":169,"column":3}},"line":159},"11":{"name":"handleAddDislikedFood","decl":{"start":{"line":171,"column":17},"end":{"line":171,"column":38}},"loc":{"start":{"line":171,"column":45},"end":{"line":181,"column":3}},"line":171},"12":{"name":"handleRemoveLikedFood","decl":{"start":{"line":183,"column":17},"end":{"line":183,"column":38}},"loc":{"start":{"line":183,"column":48},"end":{"line":191,"column":3}},"line":183},"13":{"name":"(anonymous_13)","decl":{"start":{"line":189,"column":46},"end":{"line":189,"column":47}},"loc":{"start":{"line":189,"column":51},"end":{"line":189,"column":72}},"line":189},"14":{"name":"handleRemoveDislikedFood","decl":{"start":{"line":193,"column":17},"end":{"line":193,"column":41}},"loc":{"start":{"line":193,"column":51},"end":{"line":201,"column":3}},"line":193},"15":{"name":"(anonymous_15)","decl":{"start":{"line":199,"column":52},"end":{"line":199,"column":53}},"loc":{"start":{"line":199,"column":57},"end":{"line":199,"column":78}},"line":199},"16":{"name":"handlePasswordUpdate","decl":{"start":{"line":203,"column":17},"end":{"line":203,"column":37}},"loc":{"start":{"line":203,"column":40},"end":{"line":216,"column":3}},"line":203},"17":{"name":"(anonymous_17)","decl":{"start":{"line":230,"column":24},"end":{"line":230,"column":25}},"loc":{"start":{"line":230,"column":31},"end":{"line":230,"column":85}},"line":230},"18":{"name":"(anonymous_18)","decl":{"start":{"line":235,"column":24},"end":{"line":235,"column":25}},"loc":{"start":{"line":235,"column":31},"end":{"line":235,"column":80}},"line":235},"19":{"name":"(anonymous_19)","decl":{"start":{"line":243,"column":24},"end":{"line":243,"column":25}},"loc":{"start":{"line":243,"column":31},"end":{"line":243,"column":85}},"line":243},"20":{"name":"(anonymous_20)","decl":{"start":{"line":247,"column":24},"end":{"line":247,"column":25}},"loc":{"start":{"line":247,"column":31},"end":{"line":247,"column":81}},"line":247},"21":{"name":"(anonymous_21)","decl":{"start":{"line":254,"column":25},"end":{"line":254,"column":26}},"loc":{"start":{"line":255,"column":16},"end":{"line":269,"column":24}},"line":255},"22":{"name":"(anonymous_22)","decl":{"start":{"line":259,"column":30},"end":{"line":259,"column":31}},"loc":{"start":{"line":259,"column":37},"end":{"line":266,"column":21}},"line":259},"23":{"name":"(anonymous_23)","decl":{"start":{"line":264,"column":70},"end":{"line":264,"column":71}},"loc":{"start":{"line":264,"column":75},"end":{"line":264,"column":85}},"line":264},"24":{"name":"(anonymous_24)","decl":{"start":{"line":276,"column":30},"end":{"line":276,"column":31}},"loc":{"start":{"line":277,"column":16},"end":{"line":291,"column":24}},"line":277},"25":{"name":"(anonymous_25)","decl":{"start":{"line":281,"column":30},"end":{"line":281,"column":31}},"loc":{"start":{"line":281,"column":37},"end":{"line":288,"column":21}},"line":281},"26":{"name":"(anonymous_26)","decl":{"start":{"line":286,"column":74},"end":{"line":286,"column":75}},"loc":{"start":{"line":286,"column":79},"end":{"line":286,"column":89}},"line":286},"27":{"name":"(anonymous_27)","decl":{"start":{"line":295,"column":39},"end":{"line":295,"column":40}},"loc":{"start":{"line":296,"column":16},"end":{"line":310,"column":24}},"line":296},"28":{"name":"(anonymous_28)","decl":{"start":{"line":300,"column":30},"end":{"line":300,"column":31}},"loc":{"start":{"line":300,"column":37},"end":{"line":307,"column":21}},"line":300},"29":{"name":"(anonymous_29)","decl":{"start":{"line":305,"column":84},"end":{"line":305,"column":85}},"loc":{"start":{"line":305,"column":89},"end":{"line":305,"column":99}},"line":305},"30":{"name":"(anonymous_30)","decl":{"start":{"line":318,"column":26},"end":{"line":318,"column":27}},"loc":{"start":{"line":318,"column":33},"end":{"line":318,"column":67}},"line":318},"31":{"name":"(anonymous_31)","decl":{"start":{"line":321,"column":36},"end":{"line":321,"column":37}},"loc":{"start":{"line":322,"column":16},"end":{"line":326,"column":22}},"line":322},"32":{"name":"(anonymous_32)","decl":{"start":{"line":323,"column":35},"end":{"line":323,"column":36}},"loc":{"start":{"line":323,"column":41},"end":{"line":323,"column":65}},"line":323},"33":{"name":"(anonymous_33)","decl":{"start":{"line":329,"column":36},"end":{"line":329,"column":37}},"loc":{"start":{"line":330,"column":18},"end":{"line":333,"column":22}},"line":330},"34":{"name":"(anonymous_34)","decl":{"start":{"line":332,"column":37},"end":{"line":332,"column":38}},"loc":{"start":{"line":332,"column":43},"end":{"line":332,"column":78}},"line":332},"35":{"name":"(anonymous_35)","decl":{"start":{"line":342,"column":26},"end":{"line":342,"column":27}},"loc":{"start":{"line":342,"column":33},"end":{"line":342,"column":70}},"line":342},"36":{"name":"(anonymous_36)","decl":{"start":{"line":345,"column":39},"end":{"line":345,"column":40}},"loc":{"start":{"line":346,"column":16},"end":{"line":350,"column":22}},"line":346},"37":{"name":"(anonymous_37)","decl":{"start":{"line":347,"column":35},"end":{"line":347,"column":36}},"loc":{"start":{"line":347,"column":41},"end":{"line":347,"column":68}},"line":347},"38":{"name":"(anonymous_38)","decl":{"start":{"line":353,"column":39},"end":{"line":353,"column":40}},"loc":{"start":{"line":354,"column":18},"end":{"line":357,"column":22}},"line":354},"39":{"name":"(anonymous_39)","decl":{"start":{"line":356,"column":37},"end":{"line":356,"column":38}},"loc":{"start":{"line":356,"column":43},"end":{"line":356,"column":81}},"line":356},"40":{"name":"(anonymous_40)","decl":{"start":{"line":363,"column":23},"end":{"line":363,"column":24}},"loc":{"start":{"line":364,"column":12},"end":{"line":374,"column":18}},"line":364},"41":{"name":"(anonymous_41)","decl":{"start":{"line":367,"column":26},"end":{"line":367,"column":27}},"loc":{"start":{"line":367,"column":33},"end":{"line":371,"column":17}},"line":367},"42":{"name":"(anonymous_42)","decl":{"start":{"line":373,"column":31},"end":{"line":373,"column":32}},"loc":{"start":{"line":373,"column":37},"end":{"line":373,"column":66}},"line":373},"43":{"name":"(anonymous_43)","decl":{"start":{"line":380,"column":24},"end":{"line":380,"column":25}},"loc":{"start":{"line":380,"column":31},"end":{"line":380,"column":89}},"line":380},"44":{"name":"(anonymous_44)","decl":{"start":{"line":384,"column":24},"end":{"line":384,"column":25}},"loc":{"start":{"line":384,"column":31},"end":{"line":384,"column":85}},"line":384},"45":{"name":"(anonymous_45)","decl":{"start":{"line":393,"column":24},"end":{"line":393,"column":25}},"loc":{"start":{"line":393,"column":31},"end":{"line":393,"column":92}},"line":393},"46":{"name":"(anonymous_46)","decl":{"start":{"line":401,"column":27},"end":{"line":401,"column":28}},"loc":{"start":{"line":401,"column":33},"end":{"line":401,"column":51}},"line":401},"47":{"name":"(anonymous_47)","decl":{"start":{"line":419,"column":34},"end":{"line":419,"column":35}},"loc":{"start":{"line":420,"column":16},"end":{"line":420,"column":53}},"line":420},"48":{"name":"(anonymous_48)","decl":{"start":{"line":424,"column":37},"end":{"line":424,"column":38}},"loc":{"start":{"line":425,"column":16},"end":{"line":425,"column":53}},"line":425},"49":{"name":"(anonymous_49)","decl":{"start":{"line":430,"column":23},"end":{"line":430,"column":24}},"loc":{"start":{"line":431,"column":12},"end":{"line":433,"column":18}},"line":431},"50":{"name":"(anonymous_50)","decl":{"start":{"line":442,"column":26},"end":{"line":442,"column":27}},"loc":{"start":{"line":442,"column":33},"end":{"line":442,"column":101}},"line":442},"51":{"name":"(anonymous_51)","decl":{"start":{"line":448,"column":26},"end":{"line":448,"column":27}},"loc":{"start":{"line":448,"column":33},"end":{"line":448,"column":97}},"line":448},"52":{"name":"(anonymous_52)","decl":{"start":{"line":451,"column":31},"end":{"line":451,"column":32}},"loc":{"start":{"line":451,"column":37},"end":{"line":451,"column":65}},"line":451},"53":{"name":"(anonymous_53)","decl":{"start":{"line":454,"column":29},"end":{"line":454,"column":30}},"loc":{"start":{"line":454,"column":35},"end":{"line":454,"column":62}},"line":454},"54":{"name":"(anonymous_54)","decl":{"start":{"line":456,"column":27},"end":{"line":456,"column":28}},"loc":{"start":{"line":456,"column":39},"end":{"line":464,"column":11}},"line":456},"55":{"name":"(anonymous_55)","decl":{"start":{"line":467,"column":27},"end":{"line":467,"column":28}},"loc":{"start":{"line":467,"column":39},"end":{"line":477,"column":11}},"line":467}},"branchMap":{"0":{"loc":{"start":{"line":29,"column":6},"end":{"line":42,"column":7}},"type":"if","locations":[{"start":{"line":29,"column":6},"end":{"line":42,"column":7}},{"start":{"line":40,"column":13},"end":{"line":42,"column":7}}],"line":29},"1":{"loc":{"start":{"line":30,"column":8},"end":{"line":32,"column":9}},"type":"if","locations":[{"start":{"line":30,"column":8},"end":{"line":32,"column":9}},{"start":{},"end":{}}],"line":30},"2":{"loc":{"start":{"line":30,"column":12},"end":{"line":30,"column":60}},"type":"binary-expr","locations":[{"start":{"line":30,"column":12},"end":{"line":30,"column":26}},{"start":{"line":30,"column":30},"end":{"line":30,"column":60}}],"line":30},"3":{"loc":{"start":{"line":33,"column":8},"end":{"line":35,"column":9}},"type":"if","locations":[{"start":{"line":33,"column":8},"end":{"line":35,"column":9}},{"start":{},"end":{}}],"line":33},"4":{"loc":{"start":{"line":33,"column":12},"end":{"line":33,"column":52}},"type":"binary-expr","locations":[{"start":{"line":33,"column":12},"end":{"line":33,"column":22}},{"start":{"line":33,"column":26},"end":{"line":33,"column":52}}],"line":33},"5":{"loc":{"start":{"line":36,"column":8},"end":{"line":38,"column":9}},"type":"if","locations":[{"start":{"line":36,"column":8},"end":{"line":38,"column":9}},{"start":{},"end":{}}],"line":36},"6":{"loc":{"start":{"line":36,"column":12},"end":{"line":36,"column":80}},"type":"binary-expr","locations":[{"start":{"line":36,"column":12},"end":{"line":36,"column":36}},{"start":{"line":36,"column":40},"end":{"line":36,"column":80}}],"line":36},"7":{"loc":{"start":{"line":49,"column":6},"end":{"line":53,"column":7}},"type":"if","locations":[{"start":{"line":49,"column":6},"end":{"line":53,"column":7}},{"start":{"line":51,"column":13},"end":{"line":53,"column":7}}],"line":49},"8":{"loc":{"start":{"line":60,"column":6},"end":{"line":62,"column":7}},"type":"if","locations":[{"start":{"line":60,"column":6},"end":{"line":62,"column":7}},{"start":{},"end":{}}],"line":60},"9":{"loc":{"start":{"line":69,"column":6},"end":{"line":71,"column":7}},"type":"if","locations":[{"start":{"line":69,"column":6},"end":{"line":71,"column":7}},{"start":{},"end":{}}],"line":69},"10":{"loc":{"start":{"line":81,"column":4},"end":{"line":83,"column":5}},"type":"if","locations":[{"start":{"line":81,"column":4},"end":{"line":83,"column":5}},{"start":{},"end":{}}],"line":81},"11":{"loc":{"start":{"line":81,"column":8},"end":{"line":81,"column":79}},"type":"binary-expr","locations":[{"start":{"line":81,"column":8},"end":{"line":81,"column":21}},{"start":{"line":81,"column":26},"end":{"line":81,"column":41}},{"start":{"line":81,"column":45},"end":{"line":81,"column":78}}],"line":81},"12":{"loc":{"start":{"line":90,"column":17},"end":{"line":90,"column":74}},"type":"cond-expr","locations":[{"start":{"line":90,"column":52},"end":{"line":90,"column":69}},{"start":{"line":90,"column":72},"end":{"line":90,"column":74}}],"line":90},"13":{"loc":{"start":{"line":91,"column":13},"end":{"line":91,"column":62}},"type":"cond-expr","locations":[{"start":{"line":91,"column":44},"end":{"line":91,"column":57}},{"start":{"line":91,"column":60},"end":{"line":91,"column":62}}],"line":91},"14":{"loc":{"start":{"line":92,"column":27},"end":{"line":92,"column":104}},"type":"cond-expr","locations":[{"start":{"line":92,"column":72},"end":{"line":92,"column":99}},{"start":{"line":92,"column":102},"end":{"line":92,"column":104}}],"line":92},"15":{"loc":{"start":{"line":101,"column":4},"end":{"line":111,"column":5}},"type":"if","locations":[{"start":{"line":101,"column":4},"end":{"line":111,"column":5}},{"start":{"line":109,"column":11},"end":{"line":111,"column":5}}],"line":101},"16":{"loc":{"start":{"line":121,"column":4},"end":{"line":125,"column":5}},"type":"if","locations":[{"start":{"line":121,"column":4},"end":{"line":125,"column":5}},{"start":{},"end":{}}],"line":121},"17":{"loc":{"start":{"line":133,"column":2},"end":{"line":135,"column":3}},"type":"if","locations":[{"start":{"line":133,"column":2},"end":{"line":135,"column":3}},{"start":{},"end":{}}],"line":133},"18":{"loc":{"start":{"line":142,"column":4},"end":{"line":145,"column":5}},"type":"if","locations":[{"start":{"line":142,"column":4},"end":{"line":145,"column":5}},{"start":{},"end":{}}],"line":142},"19":{"loc":{"start":{"line":153,"column":4},"end":{"line":156,"column":5}},"type":"if","locations":[{"start":{"line":153,"column":4},"end":{"line":156,"column":5}},{"start":{},"end":{}}],"line":153},"20":{"loc":{"start":{"line":166,"column":4},"end":{"line":168,"column":5}},"type":"if","locations":[{"start":{"line":166,"column":4},"end":{"line":168,"column":5}},{"start":{},"end":{}}],"line":166},"21":{"loc":{"start":{"line":178,"column":4},"end":{"line":180,"column":5}},"type":"if","locations":[{"start":{"line":178,"column":4},"end":{"line":180,"column":5}},{"start":{},"end":{}}],"line":178},"22":{"loc":{"start":{"line":188,"column":4},"end":{"line":190,"column":5}},"type":"if","locations":[{"start":{"line":188,"column":4},"end":{"line":190,"column":5}},{"start":{},"end":{}}],"line":188},"23":{"loc":{"start":{"line":198,"column":4},"end":{"line":200,"column":5}},"type":"if","locations":[{"start":{"line":198,"column":4},"end":{"line":200,"column":5}},{"start":{},"end":{}}],"line":198},"24":{"loc":{"start":{"line":210,"column":4},"end":{"line":215,"column":5}},"type":"if","locations":[{"start":{"line":210,"column":4},"end":{"line":215,"column":5}},{"start":{"line":213,"column":11},"end":{"line":215,"column":5}}],"line":210},"25":{"loc":{"start":{"line":220,"column":7},"end":{"line":220,"column":30}},"type":"binary-expr","locations":[{"start":{"line":220,"column":7},"end":{"line":220,"column":12}},{"start":{"line":220,"column":16},"end":{"line":220,"column":30}}],"line":220},"26":{"loc":{"start":{"line":221,"column":7},"end":{"line":481,"column":7}},"type":"cond-expr","locations":[{"start":{"line":223,"column":8},"end":{"line":397,"column":14}},{"start":{"line":400,"column":8},"end":{"line":480,"column":14}}],"line":221},"27":{"loc":{"start":{"line":229,"column":21},"end":{"line":229,"column":46}},"type":"binary-expr","locations":[{"start":{"line":229,"column":21},"end":{"line":229,"column":40}},{"start":{"line":229,"column":44},"end":{"line":229,"column":46}}],"line":229},"28":{"loc":{"start":{"line":234,"column":21},"end":{"line":234,"column":41}},"type":"binary-expr","locations":[{"start":{"line":234,"column":21},"end":{"line":234,"column":35}},{"start":{"line":234,"column":39},"end":{"line":234,"column":41}}],"line":234},"29":{"loc":{"start":{"line":242,"column":21},"end":{"line":242,"column":46}},"type":"binary-expr","locations":[{"start":{"line":242,"column":21},"end":{"line":242,"column":40}},{"start":{"line":242,"column":44},"end":{"line":242,"column":46}}],"line":242},"30":{"loc":{"start":{"line":246,"column":21},"end":{"line":246,"column":42}},"type":"binary-expr","locations":[{"start":{"line":246,"column":21},"end":{"line":246,"column":36}},{"start":{"line":246,"column":40},"end":{"line":246,"column":42}}],"line":246},"31":{"loc":{"start":{"line":258,"column":29},"end":{"line":258,"column":68}},"type":"binary-expr","locations":[{"start":{"line":258,"column":29},"end":{"line":258,"column":59}},{"start":{"line":258,"column":63},"end":{"line":258,"column":68}}],"line":258},"32":{"loc":{"start":{"line":260,"column":38},"end":{"line":260,"column":58}},"type":"binary-expr","locations":[{"start":{"line":260,"column":38},"end":{"line":260,"column":52}},{"start":{"line":260,"column":56},"end":{"line":260,"column":58}}],"line":260},"33":{"loc":{"
[...]
,"/home/adele/holbertonschool-Portfolio/alimia/frontend/src/pages/WeeklyMenu.jsx": {"path":"/home/adele/holbertonschool-Portfolio/alimia/frontend/src/pages/WeeklyMenu.jsx","statementMap":{"0":{"start":{"line":7,"column":24},"end":{"line":7,"column":35}},"1":{"start":{"line":8,"column":38},"end":{"line":8,"column":52}},"2":{"start":{"line":9,"column":36},"end":{"line":9,"column":50}},"3":{"start":{"line":10,"column":18},"end":{"line":10,"column":28}},"4":{"start":{"line":11,"column":44},"end":{"line":13,"column":5}},"5":{"start":{"line":14,"column":52},"end":{"line":14,"column":64}},"6":{"start":{"line":15,"column":30},"end":{"line":15,"column":42}},"7":{"start":{"line":16,"column":34},"end":{"line":16,"column":49}},"8":{"start":{"line":17,"column":44},"end":{"line":17,"column":58}},"9":{"start":{"line":18,"column":21},"end":{"line":18,"column":34}},"10":{"start":{"line":20,"column":4},"end":{"line":39,"column":17}},"11":{"start":{"line":22,"column":12},"end":{"line":22,"column":28}},"12":{"start":{"line":23,"column":12},"end":{"line":23,"column":24}},"13":{"start":{"line":24,"column":24},"end":{"line":24,"column":80}},"14":{"start":{"line":25,"column":29},"end":{"line":29,"column":14}},"15":{"start":{"line":30,"column":25},"end":{"line":30,"column":46}},"16":{"start":{"line":31,"column":12},"end":{"line":35,"column":13}},"17":{"start":{"line":32,"column":16},"end":{"line":32,"column":33}},"18":{"start":{"line":34,"column":16},"end":{"line":34,"column":49}},"19":{"start":{"line":36,"column":12},"end":{"line":36,"column":29}},"20":{"start":{"line":38,"column":8},"end":{"line":38,"column":18}},"21":{"start":{"line":41,"column":17},"end":{"line":41,"column":19}},"22":{"start":{"line":42,"column":4},"end":{"line":50,"column":5}},"23":{"start":{"line":43,"column":22},"end":{"line":43,"column":51}},"24":{"start":{"line":44,"column":20},"end":{"line":44,"column":47}},"25":{"start":{"line":45,"column":22},"end":{"line":45,"column":37}},"26":{"start":{"line":46,"column":8},"end":{"line":49,"column":9}},"27":{"start":{"line":47,"column":12},"end":{"line":47,"column":40}},"28":{"start":{"line":48,"column":12},"end":{"line":48,"column":50}},"29":{"start":{"line":52,"column":22},"end":{"line":52,"column":24}},"30":{"start":{"line":53,"column":4},"end":{"line":61,"column":5}},"31":{"start":{"line":54,"column":22},"end":{"line":54,"column":52}},"32":{"start":{"line":55,"column":20},"end":{"line":55,"column":48}},"33":{"start":{"line":56,"column":22},"end":{"line":56,"column":37}},"34":{"start":{"line":57,"column":8},"end":{"line":60,"column":9}},"35":{"start":{"line":58,"column":12},"end":{"line":58,"column":45}},"36":{"start":{"line":59,"column":12},"end":{"line":59,"column":50}},"37":{"start":{"line":64,"column":8},"end":{"line":64,"column":58}},"38":{"start":{"line":68,"column":8},"end":{"line":68,"column":24}},"39":{"start":{"line":69,"column":8},"end":{"line":69,"column":20}},"40":{"start":{"line":70,"column":25},"end":{"line":79,"column":10}},"41":{"start":{"line":80,"column":21},"end":{"line":80,"column":42}},"42":{"start":{"line":81,"column":8},"end":{"line":86,"column":9}},"43":{"start":{"line":82,"column":12},"end":{"line":82,"column":30}},"44":{"start":{"line":83,"column":12},"end":{"line":83,"column":33}},"45":{"start":{"line":85,"column":12},"end":{"line":85,"column":55}},"46":{"start":{"line":87,"column":8},"end":{"line":87,"column":25}},"47":{"start":{"line":91,"column":8},"end":{"line":91,"column":24}},"48":{"start":{"line":92,"column":25},"end":{"line":100,"column":10}},"49":{"start":{"line":101,"column":21},"end":{"line":101,"column":42}},"50":{"start":{"line":102,"column":8},"end":{"line":108,"column":9}},"51":{"start":{"line":103,"column":12},"end":{"line":103,"column":29}},"52":{"start":{"line":104,"column":12},"end":{"line":104,"column":30}},"53":{"start":{"line":105,"column":12},"end":{"line":105,"column":33}},"54":{"start":{"line":107,"column":12},"end":{"line":107,"column":45}},"55":{"start":{"line":109,"column":8},"end":{"line":109,"column":25}},"56":{"start":{"line":112,"column":4},"end":{"line":286,"column":5}},"57":{"start":{"line":122,"column":32},"end":{"line":128,"column":41}},"58":{"start":{"line":124,"column":51},"end":{"line":124,"column":99}},"59":{"start":{"line":133,"column":48},"end":{"line":133,"column":74}},"60":{"start":{"line":135,"column":48},"end":{"line":135,"column":80}},"61":{"start":{"line":136,"column":36},"end":{"line":151,"column":37}},"62":{"start":{"line":138,"column":64},"end":{"line":138,"column":79}},"63":{"start":{"line":146,"column":56},"end":{"line":146,"column":121}},"64":{"start":{"line":160,"column":32},"end":{"line":185,"column":38}},"65":{"start":{"line":165,"column":56},"end":{"line":165,"column":101}},"66":{"start":{"line":167,"column":56},"end":{"line":167,"column":88}},"67":{"start":{"line":168,"column":44},"end":{"line":183,"column":45}},"68":{"start":{"line":170,"column":72},"end":{"line":170,"column":87}},"69":{"start":{"line":178,"column":64},"end":{"line":178,"column":129}},"70":{"start":{"line":192,"column":43},"end":{"line":192,"column":61}},"71":{"start":{"line":198,"column":53},"end":{"line":198,"column":81}},"72":{"start":{"line":205,"column":40},"end":{"line":211,"column":49}},"73":{"start":{"line":207,"column":59},"end":{"line":207,"column":107}},"74":{"start":{"line":216,"column":56},"end":{"line":216,"column":82}},"75":{"start":{"line":218,"column":56},"end":{"line":218,"column":88}},"76":{"start":{"line":219,"column":44},"end":{"line":234,"column":45}},"77":{"start":{"line":221,"column":72},"end":{"line":221,"column":87}},"78":{"start":{"line":229,"column":64},"end":{"line":229,"column":129}},"79":{"start":{"line":243,"column":40},"end":{"line":268,"column":46}},"80":{"start":{"line":248,"column":64},"end":{"line":248,"column":109}},"81":{"start":{"line":250,"column":64},"end":{"line":250,"column":96}},"82":{"start":{"line":251,"column":52},"end":{"line":266,"column":53}},"83":{"start":{"line":253,"column":80},"end":{"line":253,"column":95}},"84":{"start":{"line":261,"column":72},"end":{"line":261,"column":137}},"85":{"start":{"line":277,"column":49},"end":{"line":277,"column":84}},"86":{"start":{"line":280,"column":51},"end":{"line":280,"column":97}}},"fnMap":{"0":{"name":"WeeklyMenu","decl":{"start":{"line":6,"column":9},"end":{"line":6,"column":19}},"loc":{"start":{"line":6,"column":22},"end":{"line":287,"column":1}},"line":6},"1":{"name":"(anonymous_1)","decl":{"start":{"line":20,"column":14},"end":{"line":20,"column":15}},"loc":{"start":{"line":20,"column":20},"end":{"line":39,"column":5}},"line":20},"2":{"name":"get_menu","decl":{"start":{"line":21,"column":23},"end":{"line":21,"column":31}},"loc":{"start":{"line":21,"column":33},"end":{"line":37,"column":9}},"line":21},"3":{"name":"toggleMeal","decl":{"start":{"line":63,"column":13},"end":{"line":63,"column":23}},"loc":{"start":{"line":63,"column":28},"end":{"line":65,"column":5}},"line":63},"4":{"name":"handleUpdateDraft","decl":{"start":{"line":67,"column":19},"end":{"line":67,"column":36}},"loc":{"start":{"line":67,"column":38},"end":{"line":88,"column":5}},"line":67},"5":{"name":"handleSave","decl":{"start":{"line":90,"column":19},"end":{"line":90,"column":29}},"loc":{"start":{"line":90,"column":31},"end":{"line":110,"column":5}},"line":90},"6":{"name":"(anonymous_6)","decl":{"start":{"line":121,"column":43},"end":{"line":121,"column":44}},"loc":{"start":{"line":122,"column":32},"end":{"line":128,"column":41}},"line":122},"7":{"name":"(anonymous_7)","decl":{"start":{"line":124,"column":45},"end":{"line":124,"column":46}},"loc":{"start":{"line":124,"column":51},"end":{"line":124,"column":99}},"line":124},"8":{"name":"(anonymous_8)","decl":{"start":{"line":133,"column":40},"end":{"line":133,"column":41}},"loc":{"start":{"line":133,"column":48},"end":{"line":133,"column":74}},"line":133},"9":{"name":"(anonymous_9)","decl":{"start":{"line":134,"column":37},"end":{"line":134,"column":38}},"loc":{"start":{"line":134,"column":54},"end":{"line":152,"column":33}},"line":134},"10":{"name":"(anonymous_10)","decl":{"start":{"line":138,"column":58},"end":{"line":138,"column":59}},"loc":{"start":{"line":138,"column":64},"end":{"line":138,"column":79}},"line":138},"11":{"name":"(anonymous_11)","decl":{"start":{"line":145,"column":75},"end":{"line":145,"column":76}},"loc":{"start":{"line":146,"column":56},"end":{"line":146,"column":121}},"line":146},"12":{"name":"(anonymous_12)","decl":{"start":{"line":159,"column":43},"end":{"line":159,"column":44}},"loc":{"start":{"line":160,"column":32},"end":{"line":185,"column":38}},"line":160},"13":{"name":"(anonymous_13)","decl":{"start":{"line":165,"column":48},"end":{"line":165,"column":49}},"loc":{"start":{"line":165,"column":56},"end":{"line":165,"column":101}},"line":165},"14":{"name":"(anonymous_14)","decl":{"start":{"line":166,"column":45},"end":{"line":166,"column":46}},"loc":{"start":{"line":166,"column":66},"end":{"line":184,"column":41}},"line":166},"15":{"name":"(anonymous_15)","decl":{"start":{"line":170,"column":66},"end":{"line":170,"column":67}},"loc":{"start":{"line":170,"column":72},"end":{"line":170,"column":87}},"line":170},"16":{"name":"(anonymous_16)","decl":{"start":{"line":177,"column":83},"end":{"line":177,"column":84}},"loc":{"start":{"line":178,"column":64},"end":{"line":178,"column":129}},"line":178},"17":{"name":"(anonymous_17)","decl":{"start":{"line":192,"column":37},"end":{"line":192,"column":38}},"loc":{"start":{"line":192,"column":43},"end":{"line":192,"column":61}},"line":192},"18":{"name":"(anonymous_18)","decl":{"start":{"line":198,"column":47},"end":{"line":198,"column":48}},"loc":{"start":{"line":198,"column":53},"end":{"line":198,"column":81}},"line":198},"19":{"name":"(anonymous_19)","decl":{"start":{"line":204,"column":46},"end":{"line":204,"column":47}},"loc":{"start":{"line":205,"column":40},"end":{"line":211,"column":49}},"line":205},"20":{"name":"(anonymous_20)","decl":{"start":{"line":207,"column":53},"end":{"line":207,"column":54}},"loc":{"start":{"line":207,"column":59},"end":{"line":207,"column":107}},"line":207},"21":{"name":"(anonymous_21)","decl":{"start":{"line":216,"column":48},"end":{"line":216,"column":49}},"loc":{"start":{"line":216,"column":56},"end":{"line":216,"column":82}},"line":216},"22":{"name":"(anonymous_22)","decl":{"start":{"line":217,"column":45},"end":{"line":217,"column":46}},"loc":{"start":{"line":217,"column":62},"end":{"line":235,"column":41}},"line":217},"23":{"name":"(anonymous_23)","decl":{"start":{"line":221,"column":66},"end":{"line":221,"column":67}},"loc":{"start":{"line":221,"column":72},"end":{"line":221,"column":87}},"line":221},"24":{"name":"(anonymous_24)","decl":{"start":{"line":228,"column":83},"end":{"line":228,"column":84}},"loc":{"start":{"line":229,"column":64},"end":{"line":229,"column":129}},"line":229},"25":{"name":"(anonymous_25)","decl":{"start":{"line":242,"column":46},"end":{"line":242,"column":47}},"loc":{"start":{"line":243,"column":40},"end":{"line":268,"column":46}},"line":243},"26":{"name":"(anonymous_26)","decl":{"start":{"line":248,"column":56},"end":{"line":248,"column":57}},"loc":{"start":{"line":248,"column":64},"end":{"line":248,"column":109}},"line":248},"27":{"name":"(anonymous_27)","decl":{"start":{"line":249,"column":53},"end":{"line":249,"column":54}},"loc":{"start":{"line":249,"column":74},"end":{"line":267,"column":49}},"line":249},"28":{"name":"(anonymous_28)","decl":{"start":{"line":253,"column":74},"end":{"line":253,"column":75}},"loc":{"start":{"line":253,"column":80},"end":{"line":253,"column":95}},"line":253},"29":{"name":"(anonymous_29)","decl":{"start":{"line":260,"column":91},"end":{"line":260,"column":92}},"loc":{"start":{"line":261,"column":72},"end":{"line":261,"column":137}},"line":261},"30":{"name":"(anonymous_30)","decl":{"start":{"line":277,"column":42},"end":{"line":277,"column":43}},"loc":{"start":{"line":277,"column":49},"end":{"line":277,"column":84}},"line":277},"31":{"name":"(anonymous_31)","decl":{"start":{"line":280,"column":45},"end":{"line":280,"column":46}},"loc":{"start":{"line":280,"column":51},"end":{"line":280,"column":97}},"line":280}},"branchMap":{"0":{"loc":{"start":{"line":24,"column":24},"end":{"line":24,"column":80}},"type":"cond-expr","locations":[{"start":{"line":24,"column":34},"end":{"line":24,"column":57}},{"start":{"line":24,"column":60},"end":{"line":24,"column":80}}],"line":24},"1":{"loc":{"start":{"line":31,"column":12},"end":{"line":35,"column":13}},"type":"if","locations":[{"start":{"line":31,"column":12},"end":{"line":35,"column":13}},{"start":{"line":33,"column":19},"end":{"line":35,"column":13}}],"line":31},"2":{"loc":{"start":{"line":42,"column":4},"end":{"line":50,"column":5}},"type":"if","locations":[{"start":{"line":42,"column":4},"end":{"line":50,"column":5}},{"start":{},"end":{}}],"line":42},"3":{"loc":{"start":{"line":53,"column":4},"end":{"line":61,"column":5}},"type":"if","locations":[{"start":{"line":53,"column":4},"end":{"line":61,"column":5}},{"start":{},"end":{}}],"line":53},"4":{"loc":{"start":{"line":64,"column":24},"end":{"line":64,"column":57}},"type":"cond-expr","locations":[{"start":{"line":64,"column":47},"end":{"line":64,"column":51}},{"start":{"line":64,"column":54},"end":{"line":64,"column":57}}],"line":64},"5":{"loc":{"start":{"line":76,"column":30},"end":{"line":76,"column":54}},"type":"binary-expr","locations":[{"start":{"line":76,"column":30},"end":{"line":76,"column":46}},{"start":{"line":76,"column":50},"end":{"line":76,"column":54}}],"line":76},"6":{"loc":{"start":{"line":77,"column":38},"end":{"line":77,"column":62}},"type":"binary-expr","locations":[{"start":{"line":77,"column":38},"end":{"line":77,"column":54}},{"start":{"line":77,"column":58},"end":{"line":77,"column":62}}],"line":77},"7":{"loc":{"start":{"line":81,"column":8},"end":{"line":86,"column":9}},"type":"if","locations":[{"start":{"line":81,"column":8},"end":{"line":86,"column":9}},{"start":{"line":84,"column":15},"end":{"line":86,"column":9}}],"line":81},"8":{"loc":{"start":{"line":97,"column":30},"end":{"line":97,"column":54}},"type":"binary-expr","locations":[{"start":{"line":97,"column":30},"end":{"line":97,"column":46}},{"start":{"line":97,"column":50},"end":{"line":97,"column":54}}],"line":97},"9":{"loc":{"start":{"line":98,"column":38},"end":{"line":98,"column":62}},"type":"binary-expr","locations":[{"start":{"line":98,"column":38},"end":{"line":98,"column":54}},{"start":{"line":98,"column":58},"end":{"line":98,"column":62}}],"line":98},"10":{"loc":{"start":{"line":102,"column":8},"end":{"line":108,"column":9}},"type":"if","locations":[{"start":{"line":102,"column":8},"end":{"line":108,"column":9}},{"start":{"line":106,"column":15},"end":{"line":108,"column":9}}],"line":102},"11":{"loc":{"start":{"line":114,"column":13},"end":{"line":284,"column":13}},"type":"cond-expr","locations":[{"start":{"line":115,"column":16},"end":{"line":193,"column":22}},{"start":{"line":195,"column":16},"end":{"line":283,"column":22}}],"line":114},"12":{"loc":{"start":{"line":125,"column":47},"end":{"line":125,"column":169}},"type":"cond-expr","locations":[{"start":{"line":125,"column":98},"end":{"line":125,"column":142}},{"start":{"line":125,"column":145},"end":{"line":125,"column":169}}],"line":125},"13":{"loc":{"start":{"line":142,"column":45},"end":{"line":149,"column":45}},"type":"binary-expr","locations":[{"start":{"line":142,"column":45},"end":{"line":142,"column":65}},{"start":{"line":142,"column":69},"end":{"line":142,"column":80}},{"start":{"line":143,"column":48},"end":{"line":148,"column":54}}],"line":142},"14":{"loc":{"start":{"line":174,"column":53},"end":{"line":181,"column":53}},"type":"binary-expr","locations":[{"start":{"line":174,"column":53},"end":{"line":174,"column":73}},{"start":{"line":174,"column":77},"end":{"line":174,"column":88}},{"start":{"line":175,"column":56},"end":{"line":180,"column":62}}],"line":174},"15":{"loc":{"start":{"line":190,"column":69},"end":{"line":190,"column":115}},"type":"cond-expr","locations":[{"start":{"line":190,"column":79},"end":{"line":190,"column":103}},{"start":{"line":190,"column":106},"end":{"line":190,"column":115}}],"line":190},"16":{"loc":{"start":{"line":197,"column":21},"end":{"line":197,"column":52}},"type":"binary-expr","locations":[{"start":{"line":197,"column":21},"end":{"line":197,"column":28}},{"start":{"line":197,"column":32},"end":{"line":197,"column":52}}],"line":197},"17":{"loc":{"start":{"line":198,"column":21},"end":{"line":198,"column":107}},"type":"binary-expr","locations":[{"start":{"line":198,"column":21},"end":{"line":198,"column":26}},{"start":{"line":198,"column":30},"end":{"line":198,"column":107}}],"line":198},"18":{"loc":{"start":{"line":199,"column":21},"end":{"line":282,"column":21}},"type":"binary-expr","locations":[{"start":{"line":199,"column":21},"end":{"line":199,"column":29}},{"start":{"line":200,"column":24},"end":{"line":281,"column":30}}],"line":199},"19":{"loc":{"start":{"line":208,"column":55},"end":{"line":208,"column":177}},"type":"cond-expr","locations":[{"start":{"line":208,"column":106},"end":{"line":208,"column":150}},{"start":{"line":208,"column":153},"end":{"line":208,"column":177}}],"line":208},"20":{"loc":{"start":{"line":225,"column":53},"end":{"line":232,"column":53}},"type":"binary-expr","locations":[{"start":{"line":225,"column":53},"end":{"line":225,"column":73}},{"start":{"line":225,"column":77},"end":{"line":225,"column":88}},{"start":{"line":226,"column":56},"end":{"line":231,"column":62}}],"line":225},"21":{"loc":{"start":{"line":257,"column":61},"end":{"line":264,"column":61}},"type":"binary-expr","locations":[{"start":{"line":257,"column":61},"end":{"line":257,"column":81}},{"start":{"line":257,"column":85},"end":{"line":257,"column":96}},{"start":{"line":258,"column":64},"end":{"line":263,"column":70}}],"line":257}},"s":{"0":30,"1":30,"2":30,"3":30,"4":30,"5":30,"6":30,"7":30,"8":30,"9":30,"10":30,"11":7,"12":7,"13":7,"14":7,"15":6,"16":6,"17":5,"18":1,"19":6,"20":7,"21":30,"22":30,"23":15,"24":15,"25":15,"26":15,"27":15,"28":15,"29":30,"30":30,"31":4,"32":4,"33":4,"34":4,"35":4,"36":4,"37":1,"38":3,"39":3,"40":3,"41":3,"42":3,"43":3,"44":3,"45":0,"46":3,"47":1,"48":1,"49":1,"50":1,"51":1,"52":1,"53":1,"54":0,"55":1,"56":30,"57":4,"58":0,"59":4,"60":0,"61":0,"62":0,"63":0,"64":4,"65":4,"66":4,"67":4,"68":0,"69":0,"70":1,"71":1,"72":11,"73":0,"74":11,"75":0,"76":0,"77":0,"78":0,"79":11,"80":11,"81":11,"82":11,"83":1,"84":2,"85":0,"86":1},"f":{"0":30,"1":7,"2":7,"3":1,"4":3,"5":1,"6":4,"7":0,"8":4,"9":0,"10":0,"11":0,"12":4,"13":4,"14":4,"15":0,"16":0,"17":1,"18":1,"19":11,"20":0,"21":11,"22":0,"23":0,"24":0,"25":11,"26":11,"27":11,"28":1,"29":2,"30":0,"31":1},"b":{"0":[0,7],"1":[5,1],"2":[15,15],"3":[4,26],"4":[0,1],"5":[3,3],"6":[3,3],"7":[3,0],"8":[1,1],"9":[1,1],"10":[1,0],"11":[4,26],"12":[0,4],"13":[0,0,0],"14":[4,0,0],"15":[1,3],"16":[26,10],"17":[26,1],"18":[26,11],"19":[0,11],"20":[0,0,0],"21":[11,1,1]},"_coverageSchema":"1a1c01bbd47fc00a2c39e90264f33305004495a9","hash":"05aed5e217151501b7d3e6f74a700c5643789c01"}
}
