TN:
SF:src/App.jsx
FN:17,App
FNF:1
FNH:0
FNDA:0,App
DA:18,0
LF:1
LH:0
BRF:0
BRH:0
end_of_record
TN:
SF:src/main.jsx
FNF:0
FNH:0
DA:6,0
LF:1
LH:0
BRF:0
BRH:0
end_of_record
TN:
SF:src/components/FavoriteButton.jsx
FN:3,FavoriteButton
FN:7,add_to_favorites
FNF:2
FNH:2
FNDA:7,FavoriteButton
FNDA:2,add_to_favorites
DA:4,7
DA:5,7
DA:8,2
DA:9,2
DA:14,2
DA:15,1
DA:17,1
DA:21,7
LF:8
LH:8
BRDA:14,0,0,1
BRDA:14,0,1,1
BRDA:24,1,0,2
BRDA:24,1,1,5
BRDA:26,2,0,7
BRDA:26,2,1,2
BRF:6
BRH:6
end_of_record
TN:
SF:src/components/FoodCard.jsx
FN:4,FoodCard
FN:9,(anonymous_1)
FNF:2
FNH:2
FNDA:2,FoodCard
FNDA:1,(anonymous_1)
DA:5,2
DA:6,2
DA:9,1
LF:3
LH:3
BRF:0
BRH:0
end_of_record
TN:
SF:src/components/IngredientList.jsx
FN:1,IngredientList
FN:4,(anonymous_1)
FNF:2
FNH:2
FNDA:4,IngredientList
FNDA:5,(anonymous_1)
DA:2,4
DA:5,5
LF:2
LH:2
BRF:0
BRH:0
end_of_record
TN:
SF:src/components/Navbar.jsx
FN:4,Navbar
FN:9,(anonymous_1)
FN:10,fetchProfile
FN:36,isActive
FN:46,(anonymous_4)
FN:49,(anonymous_5)
FN:56,(anonymous_6)
FN:64,(anonymous_7)
FN:69,(anonymous_8)
FN:72,(anonymous_9)
FNF:10
FNH:8
FNDA:6,Navbar
FNDA:5,(anonymous_1)
FNDA:5,fetchProfile
FNDA:42,isActive
FNDA:18,(anonymous_4)
FNDA:1,(anonymous_5)
FNDA:1,(anonymous_6)
FNDA:0,(anonymous_7)
FNDA:24,(anonymous_8)
FNDA:0,(anonymous_9)
DA:5,6
DA:6,6
DA:7,6
DA:9,6
DA:11,5
DA:15,1
DA:16,1
DA:17,1
DA:20,5
DA:23,6
DA:25,6
DA:31,6
DA:37,42
DA:40,6
DA:47,18
DA:49,1
DA:56,1
DA:64,0
DA:70,24
DA:72,0
LF:20
LH:18
BRDA:15,0,0,1
BRDA:15,0,1,0
BRDA:17,1,0,1
BRDA:17,1,1,0
BRDA:23,2,0,1
BRDA:23,2,1,5
BRDA:50,3,0,6
BRDA:50,3,1,12
BRDA:73,4,0,6
BRDA:73,4,1,18
BRF:10
BRH:8
end_of_record
TN:
SF:src/components/NutritionBadge.jsx
FN:1,NutritionBadge
FNF:1
FNH:1
FNDA:27,NutritionBadge
DA:2,27
LF:1
LH:1
BRDA:5,0,0,27
BRDA:5,0,1,1
BRF:2
BRH:2
end_of_record
TN:
SF:src/components/RecipeStep.jsx
FN:1,RecipeStep
FNF:1
FNH:1
FNDA:7,RecipeStep
DA:2,7
LF:1
LH:1
BRF:0
BRH:0
end_of_record
TN:
SF:src/components/SearchBar.jsx
FN:1,SearchBar
FNF:1
FNH:1
FNDA:19,SearchBar
DA:2,19
LF:1
LH:1
BRDA:13,0,0,19
BRDA:13,0,1,8
BRF:2
BRH:2
end_of_record
TN:
SF:src/components/SuggestionTag.jsx
FN:1,SuggestionTag
FNF:1
FNH:1
FNDA:41,SuggestionTag
DA:2,41
LF:1
LH:1
BRF:0
BRH:0
end_of_record
TN:
SF:src/pages/AskAssistant.jsx
FN:4,AskAssistant
FN:11,handleAsk
FN:36,(anonymous_2)
FN:44,(anonymous_3)
FNF:4
FNH:3
FNDA:14,AskAssistant
FNDA:4,handleAsk
FNDA:0,(anonymous_2)
FNDA:3,(anonymous_3)
DA:5,14
DA:6,14
DA:7,14
DA:8,14
DA:9,14
DA:12,4
DA:13,1
DA:14,1
DA:16,3
DA:17,3
DA:18,3
DA:19,3
DA:25,3
DA:26,3
DA:27,2
DA:29,1
DA:31,3
DA:34,14
DA:36,0
DA:44,3
LF:20
LH:19
BRDA:12,0,0,1
BRDA:12,0,1,3
BRDA:26,1,0,2
BRDA:26,1,1,1
BRDA:52,2,0,3
BRDA:52,2,1,11
BRDA:55,3,0,14
BRDA:55,3,1,2
BRDA:57,4,0,14
BRDA:57,4,1,2
BRF:10
BRH:10
end_of_record
TN:
SF:src/pages/Dashboard.jsx
FN:4,Dashboard
FN:14,(anonymous_1)
FN:15,fetchCurrentMenu
FN:45,(anonymous_3)
FN:46,(anonymous_4)
FN:55,(anonymous_5)
FN:74,(anonymous_6)
FN:78,(anonymous_7)
FN:90,(anonymous_8)
FN:95,(anonymous_9)
FN:107,(anonymous_10)
FN:120,(anonymous_11)
FN:128,(anonymous_12)
FN:135,(anonymous_13)
FN:139,(anonymous_14)
FNF:15
FNH:14
FNDA:7,Dashboard
FNDA:4,(anonymous_1)
FNDA:4,fetchCurrentMenu
FNDA:1,(anonymous_3)
FNDA:1,(anonymous_4)
FNDA:1,(anonymous_5)
FNDA:1,(anonymous_6)
FNDA:1,(anonymous_7)
FNDA:2,(anonymous_8)
FNDA:0,(anonymous_9)
FNDA:1,(anonymous_10)
FNDA:1,(anonymous_11)
FNDA:1,(anonymous_12)
FNDA:1,(anonymous_13)
FNDA:1,(anonymous_14)
DA:5,7
DA:6,7
DA:7,7
DA:8,7
DA:10,7
DA:11,7
DA:12,7
DA:14,7
DA:16,4
DA:17,4
DA:18,4
DA:23,3
DA:24,2
DA:25,2
DA:27,1
DA:29,3
DA:31,4
DA:34,7
DA:35,7
DA:36,2
DA:37,2
DA:38,2
DA:39,2
DA:40,2
DA:41,2
DA:45,7
DA:46,7
DA:48,7
DA:55,1
DA:74,1
DA:79,1
DA:91,2
DA:92,2
DA:95,0
DA:108,1
DA:120,1
DA:128,1
DA:135,1
DA:139,1
LF:39
LH:38
BRDA:23,0,0,2
BRDA:23,0,1,1
BRDA:35,1,0,2
BRDA:35,1,1,5
BRDA:45,2,0,2
BRDA:45,2,1,5
BRDA:46,3,0,2
BRDA:46,3,1,5
BRDA:50,4,0,7
BRDA:50,4,1,4
BRDA:52,5,0,7
BRDA:52,5,1,3
BRDA:52,5,2,1
BRDA:61,6,0,7
BRDA:61,6,1,3
BRDA:61,6,2,2
BRDA:96,7,0,2
BRDA:96,7,1,0
BRF:18
BRH:17
end_of_record
TN:
SF:src/pages/Favorites.jsx
FN:3,Favorites
FN:8,(anonymous_1)
FN:9,get_favorites
FN:33,(anonymous_3)
FN:37,(anonymous_4)
FN:42,(anonymous_5)
FNF:6
FNH:6
FNDA:9,Favorites
FNDA:3,(anonymous_1)
FNDA:3,get_favorites
FNDA:1,(anonymous_3)
FNDA:1,(anonymous_4)
FNDA:2,(anonymous_5)
DA:4,9
DA:5,9
DA:6,9
DA:8,9
DA:10,3
DA:11,3
DA:12,3
DA:17,3
DA:18,3
DA:19,2
DA:21,1
DA:23,3
DA:25,3
DA:28,9
DA:34,1
DA:38,1
DA:43,2
LF:17
LH:17
BRDA:18,0,0,2
BRDA:18,0,1,1
BRDA:31,1,0,9
BRDA:31,1,1,3
BRDA:32,2,0,9
BRDA:32,2,1,1
BRF:6
BRH:6
end_of_record
TN:
SF:src/pages/FoodDetail.jsx
FN:5,FoodDetail
FN:11,(anonymous_1)
FN:12,get_food_details
FNF:3
FNH:3
FNDA:5,FoodDetail
FNDA:3,(anonymous_1)
FNDA:3,get_food_details
DA:7,5
DA:8,5
DA:9,5
DA:11,5
DA:13,3
DA:18,2
DA:19,2
DA:20,1
DA:22,1
DA:25,3
DA:28,5
DA:29,4
DA:31,1
LF:13
LH:13
BRDA:19,0,0,1
BRDA:19,0,1,1
BRDA:28,1,0,1
BRDA:28,1,1,4
BRDA:29,2,0,3
BRDA:29,2,1,1
BRF:6
BRH:6
end_of_record
TN:
SF:src/pages/FoodSearch.jsx
FN:8,SearchFood
FN:14,(anonymous_1)
FN:19,handleResearch
FN:41,(anonymous_3)
FN:42,(anonymous_4)
FN:47,(anonymous_5)
FN:48,(anonymous_6)
FN:49,(anonymous_7)
FN:50,(anonymous_8)
FN:57,(anonymous_9)
FNF:10
FNH:6
FNDA:16,SearchFood
FNDA:8,(anonymous_1)
FNDA:3,handleResearch
FNDA:3,(anonymous_3)
FNDA:0,(anonymous_4)
FNDA:1,(anonymous_5)
FNDA:0,(anonymous_6)
FNDA:0,(anonymous_7)
FNDA:0,(anonymous_8)
FNDA:3,(anonymous_9)
DA:10,16
DA:11,16
DA:12,16
DA:14,16
DA:15,8
DA:16,5
DA:17,5
DA:20,3
DA:25,3
DA:26,3
DA:27,2
DA:29,1
DA:32,3
DA:36,16
DA:41,3
DA:42,0
DA:47,1
DA:48,0
DA:49,0
DA:50,0
DA:58,3
LF:21
LH:17
BRDA:15,0,0,5
BRDA:15,0,1,3
BRDA:26,1,0,2
BRDA:26,1,1,1
BRDA:45,2,0,16
BRDA:45,2,1,10
BRDA:54,3,0,16
BRDA:54,3,1,1
BRF:8
BRH:8
end_of_record
TN:
SF:src/pages/Login.jsx
FN:4,Login
FN:11,handleSubmit
FN:33,(anonymous_2)
FN:39,(anonymous_3)
FNF:4
FNH:4
FNDA:7,Login
FNDA:2,handleSubmit
FNDA:2,(anonymous_2)
FNDA:2,(anonymous_3)
DA:5,7
DA:7,7
DA:8,7
DA:9,7
DA:12,2
DA:18,2
DA:19,2
DA:20,1
DA:22,1
DA:23,1
DA:26,7
DA:33,2
DA:39,2
LF:13
LH:13
BRDA:19,0,0,1
BRDA:19,0,1,1
BRDA:22,1,0,1
BRDA:22,1,1,0
BRDA:42,2,0,7
BRDA:42,2,1,1
BRF:6
BRH:5
end_of_record
TN:
SF:src/pages/MenuGeneration.jsx
FN:6,MenuGeneration
FN:18,handleGenerate
FN:46,handleUpdateDraft
FN:70,handleSave
FN:88,toggleMeal
FN:106,(anonymous_5)
FN:111,(anonymous_6)
FN:113,(anonymous_7)
FN:122,(anonymous_8)
FN:125,(anonymous_9)
FN:134,(anonymous_10)
FN:135,(anonymous_11)
FN:139,(anonymous_12)
FN:146,(anonymous_13)
FN:160,(anonymous_14)
FN:166,(anonymous_15)
FN:167,(anonymous_16)
FN:171,(anonymous_17)
FN:178,(anonymous_18)
FN:193,(anonymous_19)
FNF:20
FNH:16
FNDA:30,MenuGeneration
FNDA:6,handleGenerate
FNDA:1,handleUpdateDraft
FNDA:2,handleSave
FNDA:1,toggleMeal
FNDA:5,(anonymous_5)
FNDA:0,(anonymous_6)
FNDA:0,(anonymous_7)
FNDA:12,(anonymous_8)
FNDA:0,(anonymous_9)
FNDA:12,(anonymous_10)
FNDA:12,(anonymous_11)
FNDA:1,(anonymous_12)
FNDA:2,(anonymous_13)
FNDA:12,(anonymous_14)
FNDA:12,(anonymous_15)
FNDA:12,(anonymous_16)
FNDA:0,(anonymous_17)
FNDA:2,(anonymous_18)
FNDA:1,(anonymous_19)
DA:7,30
DA:8,30
DA:9,30
DA:10,30
DA:11,30
DA:12,30
DA:13,30
DA:14,30
DA:15,30
DA:16,30
DA:19,6
DA:20,1
DA:21,1
DA:23,5
DA:24,5
DA:25,5
DA:35,5
DA:36,5
DA:37,4
DA:38,4
DA:39,4
DA:41,1
DA:43,5
DA:47,1
DA:48,1
DA:49,1
DA:59,1
DA:60,1
DA:61,1
DA:62,1
DA:63,1
DA:65,0
DA:67,1
DA:71,2
DA:72,2
DA:73,2
DA:79,2
DA:80,2
DA:81,1
DA:83,1
DA:85,2
DA:89,1
DA:92,30
DA:93,30
DA:94,12
DA:95,12
DA:96,12
DA:97,12
DA:98,12
DA:99,12
DA:103,30
DA:106,5
DA:111,0
DA:113,0
DA:123,12
DA:125,0
DA:134,12
DA:136,12
DA:137,12
DA:139,1
DA:147,2
DA:161,12
DA:166,12
DA:168,12
DA:169,12
DA:171,0
DA:179,2
DA:193,1
LF:68
LH:63
BRDA:19,0,0,1
BRDA:19,0,1,5
BRDA:32,1,0,5
BRDA:32,1,1,5
BRDA:36,2,0,4
BRDA:36,2,1,1
BRDA:56,3,0,1
BRDA:56,3,1,1
BRDA:60,4,0,1
BRDA:60,4,1,0
BRDA:80,5,0,1
BRDA:80,5,1,1
BRDA:89,6,0,0
BRDA:89,6,1,1
BRDA:93,7,0,12
BRDA:93,7,1,18
BRDA:115,8,0,30
BRDA:115,8,1,8
BRDA:116,9,0,30
BRDA:116,9,1,3
BRDA:117,10,0,30
BRDA:117,10,1,12
BRDA:126,11,0,12
BRDA:126,11,1,0
BRDA:143,12,0,12
BRDA:143,12,1,1
BRDA:143,12,2,1
BRDA:175,13,0,12
BRDA:175,13,1,1
BRDA:175,13,2,1
BRF:30
BRH:27
end_of_record
TN:
SF:src/pages/Profile.jsx
FN:7,Profile
FN:22,(anonymous_1)
FN:23,fetchData
FN:76,calculateAge
FN:87,handleSave
FN:114,handleAddMember
FN:128,handleRemoveMember
FN:134,(anonymous_7)
FN:137,handleLikedFoodSearch
FN:148,handleDislikedFoodSearch
FN:159,handleAddLikedFood
FN:171,handleAddDislikedFood
FN:183,handleRemoveLikedFood
FN:189,(anonymous_13)
FN:193,handleRemoveDislikedFood
FN:199,(anonymous_15)
FN:203,handlePasswordUpdate
FN:230,(anonymous_17)
FN:235,(anonymous_18)
FN:243,(anonymous_19)
FN:247,(anonymous_20)
FN:254,(anonymous_21)
FN:259,(anonymous_22)
FN:264,(anonymous_23)
FN:276,(anonymous_24)
FN:281,(anonymous_25)
FN:286,(anonymous_26)
FN:295,(anonymous_27)
FN:300,(anonymous_28)
FN:305,(anonymous_29)
FN:318,(anonymous_30)
FN:321,(anonymous_31)
FN:323,(anonymous_32)
FN:329,(anonymous_33)
FN:332,(anonymous_34)
FN:342,(anonymous_35)
FN:345,(anonymous_36)
FN:347,(anonymous_37)
FN:353,(anonymous_38)
FN:356,(anonymous_39)
FN:363,(anonymous_40)
FN:367,(anonymous_41)
FN:373,(anonymous_42)
FN:380,(anonymous_43)
FN:384,(anonymous_44)
FN:393,(anonymous_45)
FN:401,(anonymous_46)
FN:419,(anonymous_47)
FN:424,(anonymous_48)
FN:430,(anonymous_49)
FN:442,(anonymous_50)
FN:448,(anonymous_51)
FN:451,(anonymous_52)
FN:454,(anonymous_53)
FN:456,(anonymous_54)
FN:467,(anonymous_55)
FNF:56
FNH:30
FNDA:37,Profile
FNDA:10,(anonymous_1)
FNDA:10,fetchData
FNDA:21,calculateAge
FNDA:1,handleSave
FNDA:1,handleAddMember
FNDA:1,handleRemoveMember
FNDA:1,(anonymous_7)
FNDA:1,handleLikedFoodSearch
FNDA:0,handleDislikedFoodSearch
FNDA:1,handleAddLikedFood
FNDA:0,handleAddDislikedFood
FNDA:0,handleRemoveLikedFood
FNDA:0,(anonymous_13)
FNDA:0,handleRemoveDislikedFood
FNDA:0,(anonymous_15)
FNDA:2,handlePasswordUpdate
FNDA:1,(anonymous_17)
FNDA:0,(anonymous_18)
FNDA:0,(anonymous_19)
FNDA:0,(anonymous_20)
FNDA:40,(anonymous_21)
FNDA:0,(anonymous_22)
FNDA:0,(anonymous_23)
FNDA:40,(anonymous_24)
FNDA:0,(anonymous_25)
FNDA:0,(anonymous_26)
FNDA:40,(anonymous_27)
FNDA:0,(anonymous_28)
FNDA:0,(anonymous_29)
FNDA:1,(anonymous_30)
FNDA:1,(anonymous_31)
FNDA:1,(anonymous_32)
FNDA:0,(anonymous_33)
FNDA:0,(anonymous_34)
FNDA:0,(anonymous_35)
FNDA:0,(anonymous_36)
FNDA:0,(anonymous_37)
FNDA:0,(anonymous_38)
FNDA:0,(anonymous_39)
FNDA:1,(anonymous_40)
FNDA:0,(anonymous_41)
FNDA:1,(anonymous_42)
FNDA:1,(anonymous_43)
FNDA:0,(anonymous_44)
FNDA:0,(anonymous_45)
FNDA:4,(anonymous_46)
FNDA:1,(anonymous_47)
FNDA:1,(anonymous_48)
FNDA:2,(anonymous_49)
FNDA:2,(anonymous_50)
FNDA:2,(anonymous_51)
FNDA:0,(anonymous_52)
FNDA:2,(anonymous_53)
FNDA:1,(anonymous_54)
FNDA:2,(anonymous_55)
DA:3,1
DA:4,1
DA:5,1
DA:8,37
DA:9,37
DA:10,37
DA:11,37
DA:12,37
DA:13,37
DA:14,37
DA:15,37
DA:16,37
DA:17,37
DA:18,37
DA:19,37
DA:20,37
DA:22,37
DA:24,10
DA:28,10
DA:29,10
DA:30,10
DA:31,0
DA:33,10
DA:34,0
DA:36,10
DA:37,0
DA:39,10
DA:41,0
DA:44,10
DA:48,10
DA:49,10
DA:50,10
DA:52,0
DA:55,10
DA:59,10
DA:60,10
DA:61,10
DA:64,10
DA:68,10
DA:69,10
DA:70,10
DA:73,10
DA:77,21
DA:78,21
DA:79,21
DA:80,21
DA:81,21
DA:82,0
DA:84,21
DA:88,1
DA:94,1
DA:95,1
DA:101,1
DA:102,1
DA:103,1
DA:107,1
DA:108,1
DA:110,0
DA:115,1
DA:121,1
DA:122,1
DA:123,1
DA:124,1
DA:129,1
DA:133,1
DA:134,1
DA:138,1
DA:142,1
DA:143,1
DA:144,1
DA:149,0
DA:153,0
DA:154,0
DA:155,0
DA:160,1
DA:166,1
DA:167,1
DA:172,0
DA:178,0
DA:179,0
DA:184,0
DA:188,0
DA:189,0
DA:194,0
DA:198,0
DA:199,0
DA:204,2
DA:210,2
DA:211,1
DA:212,1
DA:214,1
DA:218,37
DA:230,1
DA:235,0
DA:243,0
DA:247,0
DA:255,40
DA:260,0
DA:261,0
DA:262,0
DA:264,0
DA:277,40
DA:282,0
DA:283,0
DA:284,0
DA:286,0
DA:296,40
DA:301,0
DA:302,0
DA:303,0
DA:305,0
DA:318,1
DA:322,1
DA:323,1
DA:330,0
DA:332,0
DA:342,0
DA:346,0
DA:347,0
DA:354,0
DA:356,0
DA:364,1
DA:368,0
DA:369,0
DA:370,0
DA:373,1
DA:380,1
DA:384,0
DA:393,0
DA:401,4
DA:420,1
DA:425,1
DA:431,2
DA:442,2
DA:448,2
DA:451,0
DA:454,2
DA:457,1
DA:461,1
DA:462,1
DA:468,2
DA:469,1
DA:473,1
DA:474,1
LF:144
LH:96
BRDA:29,0,0,10
BRDA:29,0,1,0
BRDA:30,1,0,0
BRDA:30,1,1,10
BRDA:30,2,0,10
BRDA:30,2,1,10
BRDA:33,3,0,0
BRDA:33,3,1,10
BRDA:33,4,0,10
BRDA:33,4,1,10
BRDA:36,5,0,0
BRDA:36,5,1,10
BRDA:36,6,0,10
BRDA:36,6,1,10
BRDA:49,7,0,10
BRDA:49,7,1,0
BRDA:60,8,0,10
BRDA:60,8,1,0
BRDA:69,9,0,10
BRDA:69,9,1,0
BRDA:81,10,0,0
BRDA:81,10,1,21
BRDA:81,11,0,21
BRDA:81,11,1,21
BRDA:81,11,2,0
BRDA:90,12,0,1
BRDA:90,12,1,0
BRDA:91,13,0,1
BRDA:91,13,1,0
BRDA:92,14,0,1
BRDA:92,14,1,0
BRDA:101,15,0,1
BRDA:101,15,1,0
BRDA:121,16,0,1
BRDA:121,16,1,0
BRDA:133,17,0,1
BRDA:133,17,1,0
BRDA:142,18,0,1
BRDA:142,18,1,0
BRDA:153,19,0,0
BRDA:153,19,1,0
BRDA:166,20,0,1
BRDA:166,20,1,0
BRDA:178,21,0,0
BRDA:178,21,1,0
BRDA:188,22,0,0
BRDA:188,22,1,0
BRDA:198,23,0,0
BRDA:198,23,1,0
BRDA:210,24,0,1
BRDA:210,24,1,1
BRDA:220,25,0,37
BRDA:220,25,1,1
BRDA:221,26,0,8
BRDA:221,26,1,29
BRDA:229,27,0,8
BRDA:229,27,1,0
BRDA:234,28,0,8
BRDA:234,28,1,0
BRDA:242,29,0,8
BRDA:242,29,1,0
BRDA:246,30,0,8
BRDA:246,30,1,0
BRDA:258,31,0,40
BRDA:258,31,1,24
BRDA:260,32,0,0
BRDA:260,32,1,0
BRDA:261,33,0,0
BRDA:261,33,1,0
BRDA:280,34,0,40
BRDA:280,34,1,32
BRDA:282,35,0,0
BRDA:282,35,1,0
BRDA:283,36,0,0
BRDA:283,36,1,0
BRDA:299,37,0,40
BRDA:299,37,1,32
BRDA:301,38,0,0
BRDA:301,38,1,0
BRDA:302,39,0,0
BRDA:302,39,1,0
BRDA:409,40,0,19
BRDA:409,40,1,10
BRDA:432,41,0,2
BRDA:432,41,1,0
BRDA:436,42,0,7
BRDA:436,42,1,22
BRDA:461,43,0,1
BRDA:461,43,1,0
BRDA:468,44,0,1
BRDA:468,44,1,1
BRDA:473,45,0,1
BRDA:473,45,1,0
BRF:93
BRH:49
end_of_record
TN:
SF:src/pages/ProtectedRoute.jsx
FN:16,ProtectedRoute
FN:23,(anonymous_1)
FN:26,checkAuth
FN:27,(anonymous_3)
FN:44,(anonymous_4)
FNF:5
FNH:5
FNDA:5,ProtectedRoute
FNDA:3,(anonymous_1)
FNDA:3,checkAuth
FNDA:3,(anonymous_3)
FNDA:3,(anonymous_4)
DA:18,5
DA:19,5
DA:20,5
DA:23,5
DA:24,3
DA:27,3
DA:28,3
DA:29,2
DA:33,2
DA:34,2
DA:35,1
DA:38,1
DA:40,2
DA:42,3
DA:44,3
DA:45,3
DA:49,5
DA:50,2
DA:51,1
LF:19
LH:19
BRDA:28,0,0,1
BRDA:28,0,1,2
BRDA:33,1,0,0
BRDA:33,1,1,2
BRDA:34,2,0,1
BRDA:34,2,1,1
BRDA:49,3,0,3
BRDA:49,3,1,2
BRDA:50,4,0,1
BRDA:50,4,1,1
BRF:10
BRH:9
end_of_record
TN:
SF:src/pages/RecipeGeneration.jsx
FN:4,RecipeGeneration
FN:11,handleGenerate
FN:18,(anonymous_2)
FN:37,(anonymous_3)
FN:45,(anonymous_4)
FN:48,(anonymous_5)
FNF:6
FNH:6
FNDA:13,RecipeGeneration
FNDA:4,handleGenerate
FNDA:2,(anonymous_2)
FNDA:1,(anonymous_3)
FNDA:1,(anonymous_4)
FNDA:2,(anonymous_5)
DA:6,13
DA:7,13
DA:8,13
DA:9,13
DA:12,4
DA:13,4
DA:14,4
DA:18,2
DA:20,4
DA:21,4
DA:22,3
DA:24,1
DA:26,4
DA:29,13
DA:37,1
DA:46,1
DA:49,2
LF:17
LH:17
BRDA:18,0,0,1
BRDA:18,0,1,3
BRDA:21,1,0,3
BRDA:21,1,1,1
BRDA:40,2,0,13
BRDA:40,2,1,4
BRDA:41,3,0,13
BRDA:41,3,1,1
BRDA:42,4,0,13
BRDA:42,4,1,3
BRF:10
BRH:10
end_of_record
TN:
SF:src/pages/Register.jsx
FN:4,Register
FN:12,handleSubmit
FN:38,(anonymous_2)
FN:44,(anonymous_3)
FN:50,(anonymous_4)
FNF:5
FNH:5
FNDA:14,Register
FNDA:3,handleSubmit
FNDA:3,(anonymous_2)
FNDA:3,(anonymous_3)
FNDA:3,(anonymous_4)
DA:5,14
DA:7,14
DA:8,14
DA:9,14
DA:10,14
DA:13,3
DA:19,3
DA:20,3
DA:21,2
DA:22,1
DA:24,1
DA:27,1
DA:28,1
DA:32,14
DA:38,3
DA:44,3
DA:50,3
LF:17
LH:17
BRDA:20,0,0,2
BRDA:20,0,1,1
BRDA:21,1,0,1
BRDA:21,1,1,1
BRDA:27,2,0,1
BRDA:27,2,1,0
BRDA:53,3,0,14
BRDA:53,3,1,2
BRF:8
BRH:7
end_of_record
TN:
SF:src/pages/ShoppingList.jsx
FN:4,ShoppingList
FN:11,(anonymous_1)
FN:12,fetchShoppingList
FN:33,handleGenerate
FN:50,handleToggleCheck
FN:59,(anonymous_5)
FN:78,(anonymous_6)
FN:83,(anonymous_7)
FN:89,(anonymous_8)
FNF:9
FNH:9
FNDA:31,ShoppingList
FNDA:8,(anonymous_1)
FNDA:8,fetchShoppingList
FNDA:3,handleGenerate
FNDA:1,handleToggleCheck
FNDA:1,(anonymous_5)
FNDA:8,(anonymous_6)
FNDA:1,(anonymous_7)
FNDA:1,(anonymous_8)
DA:5,31
DA:6,31
DA:7,31
DA:8,31
DA:9,31
DA:11,31
DA:13,8
DA:14,8
DA:15,8
DA:20,8
DA:21,4
DA:22,4
DA:23,4
DA:24,3
DA:26,1
DA:28,8
DA:30,8
DA:34,3
DA:35,3
DA:36,3
DA:41,3
DA:42,3
DA:43,2
DA:45,1
DA:47,3
DA:51,1
DA:57,1
DA:58,1
DA:59,1
DA:63,31
DA:79,8
DA:83,1
DA:89,1
LF:33
LH:33
BRDA:20,0,0,4
BRDA:20,0,1,4
BRDA:23,1,0,3
BRDA:23,1,1,1
BRDA:42,2,0,2
BRDA:42,2,1,1
BRDA:57,3,0,1
BRDA:57,3,1,0
BRDA:59,4,0,1
BRDA:59,4,1,0
BRDA:66,5,0,31
BRDA:66,5,1,11
BRDA:67,6,0,31
BRDA:67,6,1,2
BRDA:69,7,0,31
BRDA:69,7,1,20
BRDA:69,7,2,13
BRDA:69,7,3,11
BRDA:76,8,0,31
BRDA:76,8,1,8
BRDA:79,9,0,1
BRDA:79,9,1,7
BRF:22
BRH:20
end_of_record
TN:
SF:src/pages/WeeklyMenu.jsx
FN:6,WeeklyMenu
FN:20,(anonymous_1)
FN:21,get_menu
FN:63,toggleMeal
FN:67,handleUpdateDraft
FN:90,handleSave
FN:121,(anonymous_6)
FN:124,(anonymous_7)
FN:133,(anonymous_8)
FN:134,(anonymous_9)
FN:138,(anonymous_10)
FN:145,(anonymous_11)
FN:159,(anonymous_12)
FN:165,(anonymous_13)
FN:166,(anonymous_14)
FN:170,(anonymous_15)
FN:177,(anonymous_16)
FN:192,(anonymous_17)
FN:198,(anonymous_18)
FN:204,(anonymous_19)
FN:207,(anonymous_20)
FN:216,(anonymous_21)
FN:217,(anonymous_22)
FN:221,(anonymous_23)
FN:228,(anonymous_24)
FN:242,(anonymous_25)
FN:248,(anonymous_26)
FN:249,(anonymous_27)
FN:253,(anonymous_28)
FN:260,(anonymous_29)
FN:277,(anonymous_30)
FN:280,(anonymous_31)
FNF:32
FNH:21
FNDA:30,WeeklyMenu
FNDA:7,(anonymous_1)
FNDA:7,get_menu
FNDA:1,toggleMeal
FNDA:3,handleUpdateDraft
FNDA:1,handleSave
FNDA:4,(anonymous_6)
FNDA:0,(anonymous_7)
FNDA:4,(anonymous_8)
FNDA:0,(anonymous_9)
FNDA:0,(anonymous_10)
FNDA:0,(anonymous_11)
FNDA:4,(anonymous_12)
FNDA:4,(anonymous_13)
FNDA:4,(anonymous_14)
FNDA:0,(anonymous_15)
FNDA:0,(anonymous_16)
FNDA:1,(anonymous_17)
FNDA:1,(anonymous_18)
FNDA:11,(anonymous_19)
FNDA:0,(anonymous_20)
FNDA:11,(anonymous_21)
FNDA:0,(anonymous_22)
FNDA:0,(anonymous_23)
FNDA:0,(anonymous_24)
FNDA:11,(anonymous_25)
FNDA:11,(anonymous_26)
FNDA:11,(anonymous_27)
FNDA:1,(anonymous_28)
FNDA:2,(anonymous_29)
FNDA:0,(anonymous_30)
FNDA:1,(anonymous_31)
DA:7,30
DA:8,30
DA:9,30
DA:10,30
DA:11,30
DA:14,30
DA:15,30
DA:16,30
DA:17,30
DA:18,30
DA:20,30
DA:22,7
DA:23,7
DA:24,7
DA:25,7
DA:30,6
DA:31,6
DA:32,5
DA:34,1
DA:36,6
DA:38,7
DA:41,30
DA:42,30
DA:43,15
DA:44,15
DA:45,15
DA:46,15
DA:47,15
DA:48,15
DA:52,30
DA:53,30
DA:54,4
DA:55,4
DA:56,4
DA:57,4
DA:58,4
DA:59,4
DA:64,1
DA:68,3
DA:69,3
DA:70,3
DA:80,3
DA:81,3
DA:82,3
DA:83,3
DA:85,0
DA:87,3
DA:91,1
DA:92,1
DA:101,1
DA:102,1
DA:103,1
DA:104,1
DA:105,1
DA:107,0
DA:109,1
DA:112,30
DA:122,4
DA:124,0
DA:133,4
DA:135,0
DA:136,0
DA:138,0
DA:146,0
DA:160,4
DA:165,4
DA:167,4
DA:168,4
DA:170,0
DA:178,0
DA:192,1
DA:198,1
DA:205,11
DA:207,0
DA:216,11
DA:218,0
DA:219,0
DA:221,0
DA:229,0
DA:243,11
DA:248,11
DA:250,11
DA:251,11
DA:253,1
DA:261,2
DA:277,0
DA:280,1
LF:87
LH:72
BRDA:24,0,0,0
BRDA:24,0,1,7
BRDA:31,1,0,5
BRDA:31,1,1,1
BRDA:42,2,0,15
BRDA:42,2,1,15
BRDA:53,3,0,4
BRDA:53,3,1,26
BRDA:64,4,0,0
BRDA:64,4,1,1
BRDA:76,5,0,3
BRDA:76,5,1,3
BRDA:77,6,0,3
BRDA:77,6,1,3
BRDA:81,7,0,3
BRDA:81,7,1,0
BRDA:97,8,0,1
BRDA:97,8,1,1
BRDA:98,9,0,1
BRDA:98,9,1,1
BRDA:102,10,0,1
BRDA:102,10,1,0
BRDA:114,11,0,4
BRDA:114,11,1,26
BRDA:125,12,0,0
BRDA:125,12,1,4
BRDA:142,13,0,0
BRDA:142,13,1,0
BRDA:142,13,2,0
BRDA:174,14,0,4
BRDA:174,14,1,0
BRDA:174,14,2,0
BRDA:190,15,0,1
BRDA:190,15,1,3
BRDA:197,16,0,26
BRDA:197,16,1,10
BRDA:198,17,0,26
BRDA:198,17,1,1
BRDA:199,18,0,26
BRDA:199,18,1,11
BRDA:208,19,0,0
BRDA:208,19,1,11
BRDA:225,20,0,0
BRDA:225,20,1,0
BRDA:225,20,2,0
BRDA:257,21,0,11
BRDA:257,21,1,1
BRDA:257,21,2,1
BRF:48
BRH:34
end_of_record
